MPASM  5.51                            E2.ASM   4-21-2024  19:44:14         PAGE  1


LOC  OBJECT CODE     LINE SOURCE TEXT
  VALUE

Warning[205]: Found directive in column 1. (processor)
                      00001 processor 16f877
Warning[205]: Found directive in column 1. (include)
                      00002 include<p16f877.inc>
                      00001         LIST
                      00002 
                      00003 ;==========================================================================
                      00004 ;  MPASM PIC16F877 processor include
                      00005 ; 
                      00006 ;  (c) Copyright 1999-2013 Microchip Technology, All rights reserved
                      00007 ;==========================================================================
                      00008 
Message[301]: MESSAGE: (Processor-header file mismatch.  Verify selected processor.)
                      00540         LIST
                      00003                         
0000                  00004                         ORG 0
0000   2805           00005                         GOTO INICIO
0005                  00006                         ORG 5
Warning[207]: Found label after column 1. (VAL)
  00000020            00007                         VAL EQU 0X20
Warning[207]: Found label after column 1. (VAL2)
  00000021            00008                         VAL2    EQU             0X21    
Warning[207]: Found label after column 1. (VAL3)
  00000022            00009                         VAL3    EQU             0X22
                      00010 
0005                  00011 INICIO:         ;Configuración del puerto serie
0005   1683           00012                         BSF     STATUS,RP0
0006   1303           00013                         BCF     STATUS,RP1
Message[302]: Register in operand not in bank 0.  Ensure that bank bits are correct.
0007   1518           00014                         BSF     TXSTA,BRGH              ;Define una taza alta
0008   3081           00015                         MOVLW   D'129'                  ;Configura la taza de transferencia 9600 [bauds]
Message[302]: Register in operand not in bank 0.  Ensure that bank bits are correct.
0009   0099           00016                         MOVWF   SPBRG                   ;129 con BRGH en 1 a 9600 [bauds]
Message[302]: Register in operand not in bank 0.  Ensure that bank bits are correct.
000A   1218           00017                         BCF     TXSTA,SYNC      ;Indicamos comunicación asíncrona, bit SYNC en 0
Message[302]: Register in operand not in bank 0.  Ensure that bank bits are correct.
000B   1698           00018                         BSF     TXSTA,TXEN              ;Habilitamos el transmisor del microcontrolador
                      00019                                                                         ;Asincrona (sincronizar la trans
                            ferencia de información)
000C   1283           00020                         BCF     STATUS,RP0              ;Regresamos a banco 0
                      00021                         
000D   1798           00022                         BSF     RCSTA,SPEN              ;Habilita el puerto serie
000E   1618           00023                         BSF     RCSTA,CREN              ;Habilitamos la recepción continua (Si la bander
                            a esta en 0, se recibe 1 dato, no un flujo constante de datos para ello la bandera se 'habilita'
                      00024                         ;Ahora la acción que queremos realizar
000F                  00025 RECIBE:         ;BTFSS  PIR1,RCIF               ;Status de la bandera RCIF? 1 cuando le ha llegado un da
                            to
                      00026                         ;GOTO   RECIBE                  ;0 no ha recibido un dato
                      00027                         ;MOVF   RCREG,W                 ;1 se ha recibido un dato, transfiere el dato al
                             registro RCREG
000F   203D           00028                         CALL    RETARDO
0010   3048           00029                         MOVLW   A'H'
0011   0099           00030                         MOVWF   TXREG                   ;Se envia a transmisión
MPASM  5.51                            E2.ASM   4-21-2024  19:44:14         PAGE  2


LOC  OBJECT CODE     LINE SOURCE TEXT
  VALUE

0012   1683           00031                         BSF     STATUS,RP0              ;Cambio de banco
0013   204A           00032                         CALL    TRANSMITE
                      00033                         
0014   304F           00034                         MOVLW   A'O'
0015   0099           00035                         MOVWF   TXREG                   ;Se envia a transmisión
0016   1683           00036                         BSF     STATUS,RP0              ;Cambio de banco
0017   204A           00037                         CALL    TRANSMITE
                      00038                         
0018   304C           00039                         MOVLW   A'L'
0019   0099           00040                         MOVWF   TXREG                   ;Se envia a transmisión
001A   1683           00041                         BSF     STATUS,RP0              ;Cambio de banco
001B   204A           00042                         CALL    TRANSMITE
                      00043                         
001C   3041           00044                         MOVLW   A'A'
001D   0099           00045                         MOVWF   TXREG                   ;Se envia a transmisión
001E   1683           00046                         BSF     STATUS,RP0              ;Cambio de banco
001F   204A           00047                         CALL    TRANSMITE
                      00048                         
0020   3020           00049                         MOVLW   A' '
0021   0099           00050                         MOVWF   TXREG                   ;Se envia a transmisión
0022   1683           00051                         BSF     STATUS,RP0              ;Cambio de banco
0023   204A           00052                         CALL    TRANSMITE
                      00053 
0024   3055           00054                         MOVLW   A'U'
0025   0099           00055                         MOVWF   TXREG                   ;Se envia a transmisión
0026   1683           00056                         BSF     STATUS,RP0              ;Cambio de banco
0027   204A           00057                         CALL    TRANSMITE
0028   304E           00058                         MOVLW   A'N'
0029   0099           00059                         MOVWF   TXREG                   ;Se envia a transmisión
002A   1683           00060                         BSF     STATUS,RP0              ;Cambio de banco
002B   204A           00061                         CALL    TRANSMITE
002C   3041           00062                         MOVLW   A'A'
002D   0099           00063                         MOVWF   TXREG                   ;Se envia a transmisión
002E   1683           00064                         BSF     STATUS,RP0              ;Cambio de banco
002F   204A           00065                         CALL    TRANSMITE
0030   304D           00066                         MOVLW   A'M'
0031   0099           00067                         MOVWF   TXREG                   ;Se envia a transmisión
0032   1683           00068                         BSF     STATUS,RP0              ;Cambio de banco
0033   204A           00069                         CALL    TRANSMITE
0034   300A           00070                         MOVLW   0X0A
0035   0099           00071                         MOVWF   TXREG                   ;Se envia a transmisión
0036   1683           00072                         BSF     STATUS,RP0              ;Cambio de banco
0037   204A           00073                         CALL    TRANSMITE
0038   300D           00074                         MOVLW   0X0D
0039   0099           00075                         MOVWF   TXREG                   ;Se envia a transmisión
003A   1683           00076                         BSF     STATUS,RP0              ;Cambio de banco
003B   204A           00077                         CALL    TRANSMITE
003C   280F           00078                         GOTO    RECIBE
003D                  00079 RETARDO:
003D   3014           00080                         MOVLW   D'20'
003E   00A2           00081                         MOVWF   VAL3
003F                  00082 LOOP3:
003F   30FA           00083                         MOVLW   D'250'
MPASM  5.51                            E2.ASM   4-21-2024  19:44:14         PAGE  3


LOC  OBJECT CODE     LINE SOURCE TEXT
  VALUE

0040   00A1           00084                         MOVWF   VAL2    
0041                  00085 LOOP2:
0041   30FA           00086                         MOVLW   D'250'
0042   00A0           00087                         MOVWF   VAL
0043                  00088 LOOP: 
Message[305]: Using default destination of 1 (file).
0043   0BA0           00089                         DECFSZ  VAL
0044   2843           00090                         GOTO    LOOP
Message[305]: Using default destination of 1 (file).
0045   0BA1           00091                         DECFSZ  VAL2
0046   2841           00092                         GOTO    LOOP2
Message[305]: Using default destination of 1 (file).
0047   0BA2           00093                         DECFSZ  VAL3
0048   283F           00094                         GOTO    LOOP3
0049   0008           00095                         RETURN 
                      00096                         
Message[302]: Register in operand not in bank 0.  Ensure that bank bits are correct.
004A   1C98           00097 TRANSMITE:      BTFSS   TXSTA,TRMT              ;Pregunto si ya se recibio el dato
004B   284A           00098                         GOTO    TRANSMITE               ;0 no se ha recibido el dato
004C   1283           00099                         BCF     STATUS,RP0              ;1 se ha recibido el dato, cambiamos de banco   
004D   0008           00100                         RETURN
                      00101 
                      00102                         END                                             ;Fin del programa
MPASM  5.51                            E2.ASM   4-21-2024  19:44:14         PAGE  4


SYMBOL TABLE
  LABEL                             VALUE 

ACKDT                             00000005
ACKEN                             00000004
ACKSTAT                           00000006
ADCON0                            0000001F
ADCON1                            0000009F
ADCS0                             00000006
ADCS1                             00000007
ADDEN                             00000003
ADFM                              00000007
ADIE                              00000006
ADIF                              00000006
ADON                              00000000
ADRESH                            0000001E
ADRESL                            0000009E
BCLIE                             00000003
BCLIF                             00000003
BF                                00000000
BRGH                              00000002
C                                 00000000
CCP1CON                           00000017
CCP1IE                            00000002
CCP1IF                            00000002
CCP1M0                            00000000
CCP1M1                            00000001
CCP1M2                            00000002
CCP1M3                            00000003
CCP1X                             00000005
CCP1Y                             00000004
CCP2CON                           0000001D
CCP2IE                            00000000
CCP2IF                            00000000
CCP2M0                            00000000
CCP2M1                            00000001
CCP2M2                            00000002
CCP2M3                            00000003
CCP2X                             00000005
CCP2Y                             00000004
CCPR1                             00000015
CCPR1H                            00000016
CCPR1L                            00000015
CCPR2                             0000001B
CCPR2H                            0000001C
CCPR2L                            0000001B
CHS0                              00000003
CHS1                              00000004
CHS2                              00000005
CKE                               00000006
CKP                               00000004
CREN                              00000004
CSRC                              00000007
D                                 00000005
DATA_ADDRESS                      00000005
DC                                00000001
MPASM  5.51                            E2.ASM   4-21-2024  19:44:14         PAGE  5


SYMBOL TABLE
  LABEL                             VALUE 

D_A                               00000005
D_NOT_A                           00000005
EEADR                             0000010D
EEADRH                            0000010F
EECON1                            0000018C
EECON2                            0000018D
EEDATA                            0000010C
EEDATH                            0000010E
EEIE                              00000004
EEIF                              00000004
EEPGD                             00000007
F                                 00000001
FERR                              00000002
FSR                               00000004
GCEN                              00000007
GIE                               00000007
GO                                00000002
GO_DONE                           00000002
GO_NOT_DONE                       00000002
I2C_DATA                          00000005
I2C_READ                          00000002
I2C_START                         00000003
I2C_STOP                          00000004
IBF                               00000007
IBOV                              00000005
INDF                              00000000
INICIO                            00000005
INTCON                            0000000B
INTE                              00000004
INTEDG                            00000006
INTF                              00000001
IRP                               00000007
LOOP                              00000043
LOOP2                             00000041
LOOP3                             0000003F
NOT_A                             00000005
NOT_ADDRESS                       00000005
NOT_BO                            00000000
NOT_BOR                           00000000
NOT_DONE                          00000002
NOT_PD                            00000003
NOT_POR                           00000001
NOT_RBPU                          00000007
NOT_RC8                           00000006
NOT_T1SYNC                        00000002
NOT_TO                            00000004
NOT_TX8                           00000006
NOT_W                             00000002
NOT_WRITE                         00000002
OBF                               00000006
OERR                              00000001
OPTION_REG                        00000081
P                                 00000004
MPASM  5.51                            E2.ASM   4-21-2024  19:44:14         PAGE  6


SYMBOL TABLE
  LABEL                             VALUE 

PCFG0                             00000000
PCFG1                             00000001
PCFG2                             00000002
PCFG3                             00000003
PCL                               00000002
PCLATH                            0000000A
PCON                              0000008E
PEIE                              00000006
PEN                               00000002
PIE1                              0000008C
PIE2                              0000008D
PIR1                              0000000C
PIR2                              0000000D
PORTA                             00000005
PORTB                             00000006
PORTC                             00000007
PORTD                             00000008
PORTE                             00000009
PR2                               00000092
PS0                               00000000
PS1                               00000001
PS2                               00000002
PSA                               00000003
PSPIE                             00000007
PSPIF                             00000007
PSPMODE                           00000004
R                                 00000002
RA0                               00000000
RA1                               00000001
RA2                               00000002
RA3                               00000003
RA4                               00000004
RA5                               00000005
RB0                               00000000
RB1                               00000001
RB2                               00000002
RB3                               00000003
RB4                               00000004
RB5                               00000005
RB6                               00000006
RB7                               00000007
RBIE                              00000003
RBIF                              00000000
RC0                               00000000
RC1                               00000001
RC2                               00000002
RC3                               00000003
RC4                               00000004
RC5                               00000005
RC6                               00000006
RC7                               00000007
RC8_9                             00000006
RC9                               00000006
MPASM  5.51                            E2.ASM   4-21-2024  19:44:14         PAGE  7


SYMBOL TABLE
  LABEL                             VALUE 

RCD8                              00000000
RCEN                              00000003
RCIE                              00000005
RCIF                              00000005
RCREG                             0000001A
RCSTA                             00000018
RD                                00000000
RD0                               00000000
RD1                               00000001
RD2                               00000002
RD3                               00000003
RD4                               00000004
RD5                               00000005
RD6                               00000006
RD7                               00000007
RE0                               00000000
RE1                               00000001
RE2                               00000002
READ_WRITE                        00000002
RECIBE                            0000000F
RETARDO                           0000003D
RP0                               00000005
RP1                               00000006
RSEN                              00000001
RX9                               00000006
RX9D                              00000000
R_NOT_W                           00000002
R_W                               00000002
S                                 00000003
SEN                               00000000
SMP                               00000007
SPBRG                             00000099
SPEN                              00000007
SREN                              00000005
SSPADD                            00000093
SSPBUF                            00000013
SSPCON                            00000014
SSPCON2                           00000091
SSPEN                             00000005
SSPIE                             00000003
SSPIF                             00000003
SSPM0                             00000000
SSPM1                             00000001
SSPM2                             00000002
SSPM3                             00000003
SSPOV                             00000006
SSPSTAT                           00000094
STATUS                            00000003
SYNC                              00000004
T0CS                              00000005
T0IE                              00000005
T0IF                              00000002
T0SE                              00000004
MPASM  5.51                            E2.ASM   4-21-2024  19:44:14         PAGE  8


SYMBOL TABLE
  LABEL                             VALUE 

T1CKPS0                           00000004
T1CKPS1                           00000005
T1CON                             00000010
T1INSYNC                          00000002
T1OSCEN                           00000003
T1SYNC                            00000002
T2CKPS0                           00000000
T2CKPS1                           00000001
T2CON                             00000012
TMR0                              00000001
TMR0IE                            00000005
TMR0IF                            00000002
TMR1                              0000000E
TMR1CS                            00000001
TMR1H                             0000000F
TMR1IE                            00000000
TMR1IF                            00000000
TMR1L                             0000000E
TMR1ON                            00000000
TMR2                              00000011
TMR2IE                            00000001
TMR2IF                            00000001
TMR2ON                            00000002
TOUTPS0                           00000003
TOUTPS1                           00000004
TOUTPS2                           00000005
TOUTPS3                           00000006
TRANSMITE                         0000004A
TRISA                             00000085
TRISA0                            00000000
TRISA1                            00000001
TRISA2                            00000002
TRISA3                            00000003
TRISA4                            00000004
TRISA5                            00000005
TRISB                             00000086
TRISB0                            00000000
TRISB1                            00000001
TRISB2                            00000002
TRISB3                            00000003
TRISB4                            00000004
TRISB5                            00000005
TRISB6                            00000006
TRISB7                            00000007
TRISC                             00000087
TRISC0                            00000000
TRISC1                            00000001
TRISC2                            00000002
TRISC3                            00000003
TRISC4                            00000004
TRISC5                            00000005
TRISC6                            00000006
TRISC7                            00000007
MPASM  5.51                            E2.ASM   4-21-2024  19:44:14         PAGE  9


SYMBOL TABLE
  LABEL                             VALUE 

TRISD                             00000088
TRISD0                            00000000
TRISD1                            00000001
TRISD2                            00000002
TRISD3                            00000003
TRISD4                            00000004
TRISD5                            00000005
TRISD6                            00000006
TRISD7                            00000007
TRISE                             00000089
TRISE0                            00000000
TRISE1                            00000001
TRISE2                            00000002
TRMT                              00000001
TX8_9                             00000006
TX9                               00000006
TX9D                              00000000
TXD8                              00000000
TXEN                              00000005
TXIE                              00000004
TXIF                              00000004
TXREG                             00000019
TXSTA                             00000098
UA                                00000001
VAL                               00000020
VAL2                              00000021
VAL3                              00000022
W                                 00000000
WCOL                              00000007
WR                                00000001
WREN                              00000002
WRERR                             00000003
Z                                 00000002
_BODEN_OFF                        00003FBF
_BODEN_ON                         00003FFF
_BOREN_OFF                        00003FBF
_BOREN_ON                         00003FFF
_CONFIG                           00002007
_CPD_OFF                          00003FFF
_CPD_ON                           00003EFF
_CP_ALL                           00000FCF
_CP_HALF                          00001FDF
_CP_OFF                           00003FFF
_CP_UPPER_256                     00002FEF
_DEBUG_OFF                        00003FFF
_DEBUG_ON                         000037FF
_DEVID1                           00002006
_FOSC_EXTRC                       00003FFF
_FOSC_HS                          00003FFE
_FOSC_LP                          00003FFC
_FOSC_XT                          00003FFD
_HS_OSC                           00003FFE
_IDLOC0                           00002000
MPASM  5.51                            E2.ASM   4-21-2024  19:44:14         PAGE 10


SYMBOL TABLE
  LABEL                             VALUE 

_IDLOC1                           00002001
_IDLOC2                           00002002
_IDLOC3                           00002003
_LP_OSC                           00003FFC
_LVP_OFF                          00003F7F
_LVP_ON                           00003FFF
_PWRTE_OFF                        00003FFF
_PWRTE_ON                         00003FF7
_RC_OSC                           00003FFF
_WDTE_OFF                         00003FFB
_WDTE_ON                          00003FFF
_WDT_OFF                          00003FFB
_WDT_ON                           00003FFF
_WRT_ENABLE_OFF                   00003DFF
_WRT_ENABLE_ON                    00003FFF
_WRT_OFF                          00003DFF
_WRT_ON                           00003FFF
_XT_OSC                           00003FFD
__16F877A                         00000001


MEMORY USAGE MAP ('X' = Used,  '-' = Unused)

0000 : X----XXXXXXXXXXX XXXXXXXXXXXXXXXX XXXXXXXXXXXXXXXX XXXXXXXXXXXXXXXX
0040 : XXXXXXXXXXXXXX-- ---------------- ---------------- ----------------

All other memory blocks unused.

Program Memory Words Used:    74
Program Memory Words Free:  8118


Errors   :     0
Warnings :     5 reported,     0 suppressed
Messages :     9 reported,     0 suppressed

