MPASM  5.51                            E7.ASM   4-21-2024  19:52:56         PAGE  1


LOC  OBJECT CODE     LINE SOURCE TEXT
  VALUE

Warning[205]: Found directive in column 1. (processor)
                      00001 processor 16f877
Warning[205]: Found directive in column 1. (include)
                      00002 include<p16f877.inc>
                      00001         LIST
                      00002 
                      00003 ;==========================================================================
                      00004 ;  MPASM PIC16F877 processor include
                      00005 ; 
                      00006 ;  (c) Copyright 1999-2013 Microchip Technology, All rights reserved
                      00007 ;==========================================================================
                      00008 
Message[301]: MESSAGE: (Processor-header file mismatch.  Verify selected processor.)
                      00540         LIST
                      00003                         CBLOCK 0X20
  00000020            00004                                 VAL     
  00000021            00005                                 VAL2    
  00000022            00006                                 VAL3    
  00000023            00007                                 AUX             
  00000024            00008                                 VALUE   
  00000025            00009                                 TEMP    
  00000026            00010                                 UNIDADES
  00000027            00011                                 DECENAS
  00000028            00012                                 CENTENAS
                      00013                         ENDC    
                      00014                 
0000                  00015                         ORG 0
0000   2805           00016                         GOTO INICIO
0005                  00017                         ORG 5   
                      00018 
                      00019 
0005                  00020 INICIO:         ;Configuración del puerto serie
0005   0185           00021                         CLRF    PORTA
0006   1683           00022                         BSF     STATUS,RP0
0007   1303           00023                         BCF     STATUS,RP1
Message[302]: Register in operand not in bank 0.  Ensure that bank bits are correct.
0008   1518           00024                         BSF     TXSTA,BRGH              ;Define una taza alta
Message[302]: Register in operand not in bank 0.  Ensure that bank bits are correct.
0009   019F           00025                         CLRF    ADCON1                  ;CONFIGURA PORTA COMO ENTRADA ANALOGICA
000A   3081           00026                         MOVLW   D'129'                  ;Configura la taza de transferencia 9600 [bauds]
Message[302]: Register in operand not in bank 0.  Ensure that bank bits are correct.
000B   0099           00027                         MOVWF   SPBRG                   ;129 con BRGH en 1 a 9600 [bauds]
Message[302]: Register in operand not in bank 0.  Ensure that bank bits are correct.
000C   1218           00028                         BCF     TXSTA,SYNC      ;Indicamos comunicación asíncrona, bit SYNC en 0
Message[302]: Register in operand not in bank 0.  Ensure that bank bits are correct.
000D   1698           00029                         BSF     TXSTA,TXEN              ;Habilitamos el transmisor del microcontrolador
Message[302]: Register in operand not in bank 0.  Ensure that bank bits are correct.
000E   0186           00030                         CLRF    TRISB                   ;PORTB como salida                      ;Asincro
                            na (sincronizar la transferencia de información)
000F   1283           00031                         BCF     STATUS,RP0              ;Regresamos a banco 0
                      00032 
0010   1798           00033                         BSF     RCSTA,SPEN              ;Habilita el puerto serie
0011   1618           00034                         BSF     RCSTA,CREN              ;Habilitamos la recepción continua (Si la bander
MPASM  5.51                            E7.ASM   4-21-2024  19:52:56         PAGE  2


LOC  OBJECT CODE     LINE SOURCE TEXT
  VALUE

                            a esta en 0, se recibe 1 dato, no un flujo constante de datos para ello la bandera se 'habilita'
                      00035 ;COMPUTER CAMBIA LA TEMPERATURA AMBIENTE Y MUESTRALA EN LA TERMINAL PORFAVOR
0012                  00036 REPITE:         ;Ahora la acción que queremos realizar
0012   01A6           00037                         CLRF    UNIDADES
0013   01A7           00038                         CLRF    DECENAS
0014   01A8           00039                         CLRF    CENTENAS
0015   30E9           00040                         MOVLW   B'11101001'
0016   009F           00041                         MOVWF   ADCON0
0017   151F           00042                         BSF             ADCON0,2                ;ACTIVAMOS      GO/DONE
0018   203F           00043                         CALL    RETARDO_AC              ;RETARDO DE 200 MICROSEGUNDOS
0019   191F           00044 ESPERA:         BTFSC   ADCON0,2
001A   2819           00045                         GOTO    ESPERA                  ;ESPERA A CONCLUYA EL PROCESO DE CONVERSION
001B   081E           00046                         MOVFW   ADRESH                  ;LEEMOS RESULTADO DE REGISTRO ADRESH Y LO GUARDA
                            MOS EL W                
001C   00A5           00047                         MOVWF   TEMP                    ;ALMACENAMOS EL RESULTADO EN VARIBALE TEMP
                      00048                         ;OPERAR ENTRADA
001D   0725           00049                         ADDWF   TEMP,W
001E   204E           00050                         CALL    CONVER
                      00051                         ;TRANSMITIR 
001F   0828           00052                         MOVFW   CENTENAS
0020   3E30           00053                         ADDLW   0X30
0021   2044           00054                         CALL    TRANSMITE
0022   0827           00055                         MOVFW   DECENAS
0023   3E30           00056                         ADDLW   0X30
0024   2044           00057                         CALL    TRANSMITE
0025   0826           00058                         MOVFW   UNIDADES
0026   3E30           00059                         ADDLW   0X30
0027   2044           00060                         CALL    TRANSMITE
0028   3043           00061                         MOVLW   A'C'
0029   2044           00062                         CALL    TRANSMITE
002A   30F8           00063                         MOVLW   0XF8
002B   2044           00064                         CALL    TRANSMITE
002C   300A           00065                         MOVLW   0X0A                    ;SALTO DE LINEA
002D   2044           00066                         CALL    TRANSMITE
002E   300D           00067                         MOVLW   0X0D                    ;RETORNO DE CARRO
002F   2044           00068                         CALL    TRANSMITE
0030   2032           00069                         CALL    RETARDO
0031   2812           00070                         GOTO    REPITE
                      00071 
                      00072         
                      00073 
                      00074 
0032                  00075 RETARDO:
0032   3014           00076                         MOVLW   D'20'
0033   00A2           00077                         MOVWF   VAL3
0034                  00078 LOOP3:
0034   30FA           00079                         MOVLW   D'250'
0035   00A1           00080                         MOVWF   VAL2    
0036                  00081 LOOP2:
0036   30FA           00082                         MOVLW   D'250'
0037   00A0           00083                         MOVWF   VAL
0038                  00084 LOOP: 
Message[305]: Using default destination of 1 (file).
MPASM  5.51                            E7.ASM   4-21-2024  19:52:56         PAGE  3


LOC  OBJECT CODE     LINE SOURCE TEXT
  VALUE

0038   0BA0           00085                         DECFSZ  VAL
0039   2838           00086                         GOTO    LOOP
Message[305]: Using default destination of 1 (file).
003A   0BA1           00087                         DECFSZ  VAL2
003B   2836           00088                         GOTO    LOOP2
Message[305]: Using default destination of 1 (file).
003C   0BA2           00089                         DECFSZ  VAL3
003D   2834           00090                         GOTO    LOOP3
003E   0008           00091                         RETURN 
                      00092 
003F                  00093 RETARDO_AC:
003F   30FF           00094                         MOVLW   D'255'
0040   00A4           00095                         MOVWF   VALUE
Message[305]: Using default destination of 1 (file).
0041   0BA4           00096 CICLO           DECFSZ  VALUE
0042   2841           00097                         GOTO    CICLO   
0043   0008           00098                         RETURN
                      00099 
                      00100                         ;Entra contenido de registro W
0044   0099           00101 TRANSMITE:      MOVWF   TXREG                   ;Se envia a transmisión
0045   1683           00102                         BSF     STATUS,RP0              ;Cambio de banco
Message[302]: Register in operand not in bank 0.  Ensure that bank bits are correct.
0046   1C98           00103 T_LOOP          BTFSS   TXSTA,TRMT              ;Pregunto si ya se recibio el dato
0047   2846           00104                         GOTO    T_LOOP                  ;0 no se ha recibido el dato
0048   1283           00105                         BCF     STATUS,RP0              ;1 se ha recibido el dato, cambiamos de banco   
0049   0008           00106                         RETURN
                      00107                         ;Sale dato recibido en registro W
004A   1E8C           00108 RECIBE:         BTFSS   PIR1,RCIF               ;Status de la bandera RCIF? 1 cuando le ha llegado un da
                            to
004B   284A           00109                         GOTO    RECIBE                  ;0 no ha recibido un dato
004C   081A           00110                         MOVF    RCREG,W                 ;1 se ha recibido un dato, transfiere el dato al
                             registro RCREG
004D   0008           00111                         RETURN
004E                  00112 CONVER:
004E   00A3           00113                         MOVWF   AUX
004F                  00114 CENTENAS_LOOP:
004F   3064           00115                 MOVLW   .100            ; Valor para restar (100 decimal)
0050   0223           00116                 SUBWF   AUX, W         ; Intenta restar 100
0051   1C03           00117                 BTFSS   STATUS, C       ; Si hay carry, el resultado es negativo, salta
0052   2856           00118                         GOTO    DECENAS_LOOP    ; Procede a convertir decenas si no se puede restar m?s 
                            centenas
0053   0AA8           00119                 INCF    CENTENAS, F     ; Incrementa las centenas
0054   00A3           00120                 MOVWF   AUX            ; Actualiza TEMP con el nuevo valor
0055   284F           00121                 GOTO    CENTENAS_LOOP   ; Intenta restar 100 nuevamente
                      00122 ; Convertir a Decenas
0056                  00123 DECENAS_LOOP:
0056   300A           00124                 MOVLW   .10             ; Valor para restar (10 decimal)
0057   0223           00125                 SUBWF   AUX, W         ; Intenta restar 10
0058   1C03           00126                 BTFSS   STATUS, C       ; Si hay carry, el resultado es negativo, salta
0059   285D           00127                 GOTO    UNIDADES_LOOP   ; Procede a convertir unidades si no se puede restar m?s decenas
005A   0AA7           00128                 INCF    DECENAS, F      ; Incrementa las decenas
005B   00A3           00129                 MOVWF   AUX            ; Actualiza TEMP con el nuevo valor
005C   2856           00130                 GOTO    DECENAS_LOOP    ; Intenta restar 10 nuevamente
MPASM  5.51                            E7.ASM   4-21-2024  19:52:56         PAGE  4


LOC  OBJECT CODE     LINE SOURCE TEXT
  VALUE

                      00131 ; Ajuste de Unidades
005D                  00132 UNIDADES_LOOP:
005D   0823           00133                 MOVF    AUX, W         ; Mueve el valor restante a W
005E   00A6           00134                 MOVWF   UNIDADES        ; Almacena el valor final como unidades
                      00135 
005F   0008           00136                  RETURN
                      00137                         END                                             ;Fin del programa
MPASM  5.51                            E7.ASM   4-21-2024  19:52:56         PAGE  5


SYMBOL TABLE
  LABEL                             VALUE 

ACKDT                             00000005
ACKEN                             00000004
ACKSTAT                           00000006
ADCON0                            0000001F
ADCON1                            0000009F
ADCS0                             00000006
ADCS1                             00000007
ADDEN                             00000003
ADFM                              00000007
ADIE                              00000006
ADIF                              00000006
ADON                              00000000
ADRESH                            0000001E
ADRESL                            0000009E
AUX                               00000023
BCLIE                             00000003
BCLIF                             00000003
BF                                00000000
BRGH                              00000002
C                                 00000000
CCP1CON                           00000017
CCP1IE                            00000002
CCP1IF                            00000002
CCP1M0                            00000000
CCP1M1                            00000001
CCP1M2                            00000002
CCP1M3                            00000003
CCP1X                             00000005
CCP1Y                             00000004
CCP2CON                           0000001D
CCP2IE                            00000000
CCP2IF                            00000000
CCP2M0                            00000000
CCP2M1                            00000001
CCP2M2                            00000002
CCP2M3                            00000003
CCP2X                             00000005
CCP2Y                             00000004
CCPR1                             00000015
CCPR1H                            00000016
CCPR1L                            00000015
CCPR2                             0000001B
CCPR2H                            0000001C
CCPR2L                            0000001B
CENTENAS                          00000028
CENTENAS_LOOP                     0000004F
CHS0                              00000003
CHS1                              00000004
CHS2                              00000005
CICLO                             00000041
CKE                               00000006
CKP                               00000004
CONVER                            0000004E
MPASM  5.51                            E7.ASM   4-21-2024  19:52:56         PAGE  6


SYMBOL TABLE
  LABEL                             VALUE 

CREN                              00000004
CSRC                              00000007
D                                 00000005
DATA_ADDRESS                      00000005
DC                                00000001
DECENAS                           00000027
DECENAS_LOOP                      00000056
D_A                               00000005
D_NOT_A                           00000005
EEADR                             0000010D
EEADRH                            0000010F
EECON1                            0000018C
EECON2                            0000018D
EEDATA                            0000010C
EEDATH                            0000010E
EEIE                              00000004
EEIF                              00000004
EEPGD                             00000007
ESPERA                            00000019
F                                 00000001
FERR                              00000002
FSR                               00000004
GCEN                              00000007
GIE                               00000007
GO                                00000002
GO_DONE                           00000002
GO_NOT_DONE                       00000002
I2C_DATA                          00000005
I2C_READ                          00000002
I2C_START                         00000003
I2C_STOP                          00000004
IBF                               00000007
IBOV                              00000005
INDF                              00000000
INICIO                            00000005
INTCON                            0000000B
INTE                              00000004
INTEDG                            00000006
INTF                              00000001
IRP                               00000007
LOOP                              00000038
LOOP2                             00000036
LOOP3                             00000034
NOT_A                             00000005
NOT_ADDRESS                       00000005
NOT_BO                            00000000
NOT_BOR                           00000000
NOT_DONE                          00000002
NOT_PD                            00000003
NOT_POR                           00000001
NOT_RBPU                          00000007
NOT_RC8                           00000006
NOT_T1SYNC                        00000002
MPASM  5.51                            E7.ASM   4-21-2024  19:52:56         PAGE  7


SYMBOL TABLE
  LABEL                             VALUE 

NOT_TO                            00000004
NOT_TX8                           00000006
NOT_W                             00000002
NOT_WRITE                         00000002
OBF                               00000006
OERR                              00000001
OPTION_REG                        00000081
P                                 00000004
PCFG0                             00000000
PCFG1                             00000001
PCFG2                             00000002
PCFG3                             00000003
PCL                               00000002
PCLATH                            0000000A
PCON                              0000008E
PEIE                              00000006
PEN                               00000002
PIE1                              0000008C
PIE2                              0000008D
PIR1                              0000000C
PIR2                              0000000D
PORTA                             00000005
PORTB                             00000006
PORTC                             00000007
PORTD                             00000008
PORTE                             00000009
PR2                               00000092
PS0                               00000000
PS1                               00000001
PS2                               00000002
PSA                               00000003
PSPIE                             00000007
PSPIF                             00000007
PSPMODE                           00000004
R                                 00000002
RA0                               00000000
RA1                               00000001
RA2                               00000002
RA3                               00000003
RA4                               00000004
RA5                               00000005
RB0                               00000000
RB1                               00000001
RB2                               00000002
RB3                               00000003
RB4                               00000004
RB5                               00000005
RB6                               00000006
RB7                               00000007
RBIE                              00000003
RBIF                              00000000
RC0                               00000000
RC1                               00000001
MPASM  5.51                            E7.ASM   4-21-2024  19:52:56         PAGE  8


SYMBOL TABLE
  LABEL                             VALUE 

RC2                               00000002
RC3                               00000003
RC4                               00000004
RC5                               00000005
RC6                               00000006
RC7                               00000007
RC8_9                             00000006
RC9                               00000006
RCD8                              00000000
RCEN                              00000003
RCIE                              00000005
RCIF                              00000005
RCREG                             0000001A
RCSTA                             00000018
RD                                00000000
RD0                               00000000
RD1                               00000001
RD2                               00000002
RD3                               00000003
RD4                               00000004
RD5                               00000005
RD6                               00000006
RD7                               00000007
RE0                               00000000
RE1                               00000001
RE2                               00000002
READ_WRITE                        00000002
RECIBE                            0000004A
REPITE                            00000012
RETARDO                           00000032
RETARDO_AC                        0000003F
RP0                               00000005
RP1                               00000006
RSEN                              00000001
RX9                               00000006
RX9D                              00000000
R_NOT_W                           00000002
R_W                               00000002
S                                 00000003
SEN                               00000000
SMP                               00000007
SPBRG                             00000099
SPEN                              00000007
SREN                              00000005
SSPADD                            00000093
SSPBUF                            00000013
SSPCON                            00000014
SSPCON2                           00000091
SSPEN                             00000005
SSPIE                             00000003
SSPIF                             00000003
SSPM0                             00000000
SSPM1                             00000001
MPASM  5.51                            E7.ASM   4-21-2024  19:52:56         PAGE  9


SYMBOL TABLE
  LABEL                             VALUE 

SSPM2                             00000002
SSPM3                             00000003
SSPOV                             00000006
SSPSTAT                           00000094
STATUS                            00000003
SYNC                              00000004
T0CS                              00000005
T0IE                              00000005
T0IF                              00000002
T0SE                              00000004
T1CKPS0                           00000004
T1CKPS1                           00000005
T1CON                             00000010
T1INSYNC                          00000002
T1OSCEN                           00000003
T1SYNC                            00000002
T2CKPS0                           00000000
T2CKPS1                           00000001
T2CON                             00000012
TEMP                              00000025
TMR0                              00000001
TMR0IE                            00000005
TMR0IF                            00000002
TMR1                              0000000E
TMR1CS                            00000001
TMR1H                             0000000F
TMR1IE                            00000000
TMR1IF                            00000000
TMR1L                             0000000E
TMR1ON                            00000000
TMR2                              00000011
TMR2IE                            00000001
TMR2IF                            00000001
TMR2ON                            00000002
TOUTPS0                           00000003
TOUTPS1                           00000004
TOUTPS2                           00000005
TOUTPS3                           00000006
TRANSMITE                         00000044
TRISA                             00000085
TRISA0                            00000000
TRISA1                            00000001
TRISA2                            00000002
TRISA3                            00000003
TRISA4                            00000004
TRISA5                            00000005
TRISB                             00000086
TRISB0                            00000000
TRISB1                            00000001
TRISB2                            00000002
TRISB3                            00000003
TRISB4                            00000004
TRISB5                            00000005
MPASM  5.51                            E7.ASM   4-21-2024  19:52:56         PAGE 10


SYMBOL TABLE
  LABEL                             VALUE 

TRISB6                            00000006
TRISB7                            00000007
TRISC                             00000087
TRISC0                            00000000
TRISC1                            00000001
TRISC2                            00000002
TRISC3                            00000003
TRISC4                            00000004
TRISC5                            00000005
TRISC6                            00000006
TRISC7                            00000007
TRISD                             00000088
TRISD0                            00000000
TRISD1                            00000001
TRISD2                            00000002
TRISD3                            00000003
TRISD4                            00000004
TRISD5                            00000005
TRISD6                            00000006
TRISD7                            00000007
TRISE                             00000089
TRISE0                            00000000
TRISE1                            00000001
TRISE2                            00000002
TRMT                              00000001
TX8_9                             00000006
TX9                               00000006
TX9D                              00000000
TXD8                              00000000
TXEN                              00000005
TXIE                              00000004
TXIF                              00000004
TXREG                             00000019
TXSTA                             00000098
T_LOOP                            00000046
UA                                00000001
UNIDADES                          00000026
UNIDADES_LOOP                     0000005D
VAL                               00000020
VAL2                              00000021
VAL3                              00000022
VALUE                             00000024
W                                 00000000
WCOL                              00000007
WR                                00000001
WREN                              00000002
WRERR                             00000003
Z                                 00000002
_BODEN_OFF                        00003FBF
_BODEN_ON                         00003FFF
_BOREN_OFF                        00003FBF
_BOREN_ON                         00003FFF
_CONFIG                           00002007
MPASM  5.51                            E7.ASM   4-21-2024  19:52:56         PAGE 11


SYMBOL TABLE
  LABEL                             VALUE 

_CPD_OFF                          00003FFF
_CPD_ON                           00003EFF
_CP_ALL                           00000FCF
_CP_HALF                          00001FDF
_CP_OFF                           00003FFF
_CP_UPPER_256                     00002FEF
_DEBUG_OFF                        00003FFF
_DEBUG_ON                         000037FF
_DEVID1                           00002006
_FOSC_EXTRC                       00003FFF
_FOSC_HS                          00003FFE
_FOSC_LP                          00003FFC
_FOSC_XT                          00003FFD
_HS_OSC                           00003FFE
_IDLOC0                           00002000
_IDLOC1                           00002001
_IDLOC2                           00002002
_IDLOC3                           00002003
_LP_OSC                           00003FFC
_LVP_OFF                          00003F7F
_LVP_ON                           00003FFF
_PWRTE_OFF                        00003FFF
_PWRTE_ON                         00003FF7
_RC_OSC                           00003FFF
_WDTE_OFF                         00003FFB
_WDTE_ON                          00003FFF
_WDT_OFF                          00003FFB
_WDT_ON                           00003FFF
_WRT_ENABLE_OFF                   00003DFF
_WRT_ENABLE_ON                    00003FFF
_WRT_OFF                          00003DFF
_WRT_ON                           00003FFF
_XT_OSC                           00003FFD
__16F877A                         00000001


MEMORY USAGE MAP ('X' = Used,  '-' = Unused)

0000 : X----XXXXXXXXXXX XXXXXXXXXXXXXXXX XXXXXXXXXXXXXXXX XXXXXXXXXXXXXXXX
0040 : XXXXXXXXXXXXXXXX XXXXXXXXXXXXXXXX ---------------- ----------------

All other memory blocks unused.

Program Memory Words Used:    92
Program Memory Words Free:  8100


Errors   :     0
Warnings :     2 reported,     0 suppressed
Messages :    12 reported,     0 suppressed

