
ROM used:   198/8192 (2%)
            2049/8192 (25%) including unused fragments

            0.3 Average locations per line
            24.8 Average locations per statement

RAM used:   6/368 (2%) at main() level
            9/368 (2%) worst case

Stack used: 2 worst case (1 in main + 1 for interrupts)
Stack size: 8

Lines Stmts  %   Files
----- ----- ---  -----
   16     8 100  e4.c
  639     0   0  ..\..\..\..\..\..\..\Program Files (x86)\PICC\Devices\16f877.h
----- -----
  655     8 Total

Page ROM  %  RAM   Vol Diff  Functions:
---- --- --- ---   --- ----  ----------
0     20  10    1             @delay_ms1
3      1   1    0     5  1.0  loader16F877
0     56  28    1   130  1.6  MAIN
0     15   8    0             @const621
0     88  44    4             @PSTRINGC7_9600_62_63
0     14   7    0             @const623
 Inline         0             @cinit1

Program metrics:
    Functions               2
    Statements              8
    Comments                114
    Volume (V)              159
    Difficulty (D)          1.9
    Effort to implement (E) 303
    Time to implement (T)   0 minutes
    Est Delivered Bugs (B)  0
    Cyclomatic Complexity   1
    Maintainability (MI)    87

 Segment     Used  Free
-----------  ----  ----
00000-00003     4  0  
00004-007FF   193  1851  
00800-00FFF     0  2048  
01000-017FF     0  2048  
01800-01EFF     0  1792  
01F00-01FFF     1  255  



