
ROM used:   553/8192 (7%)
            2049/8192 (25%) including unused fragments

            0.8 Average locations per line
            8.4 Average locations per statement

RAM used:   9/368 (2%) at main() level
            12/368 (3%) worst case

Stack used: 2 worst case (1 in main + 1 for interrupts)
Stack size: 8

Lines Stmts  %   Files
----- ----- ---  -----
   86    66 100  e6.c
  639     0   0  ..\..\..\..\..\..\..\Program Files (x86)\PICC\Devices\16f877.h
----- -----
  725    66 Total

Page ROM  %  RAM   Vol Diff  Functions:
---- --- --- ---   --- ----  ----------
0     20   4    1             @delay_ms1
3      1   0    0     5  1.0  loader16F877
0    308  56    4  2131  6.8  MAIN
0     14   3    0   179  3.3  @const624
0     88  16    4   460  4.7  @PSTRINGC7_38400_62_63
0     14   3    0   814  7.2  @const626
0     15   3    0   208  6.3  @const627
0     17   3    0   354  4.7  @const628
0     18   3    0   238  4.0  @const629
0     25   5    0   267  6.8  @const630
0     15   3    0    90  2.5  @const631
0     14   3    0   545  6.1  @const632
 Inline         0             @cinit1

Program metrics:
    Functions               11
    Statements              66
    Comments                178
    Volume (V)              7895
    Difficulty (D)          52.6
    Effort to implement (E) 414892
    Time to implement (T)   6 hours, 24 minutes
    Est Delivered Bugs (B)  2
    Cyclomatic Complexity   27
    Maintainability (MI)    105

 Segment     Used  Free
-----------  ----  ----
00000-00003     4  0  
00004-007FF   548  1496  
00800-00FFF     0  2048  
01000-017FF     0  2048  
01800-01EFF     0  1792  
01F00-01FFF     1  255  



