MPASM  5.51                           LCD.ASM   4-16-2024  3:15:14         PAGE  1


LOC  OBJECT CODE     LINE SOURCE TEXT
  VALUE

Warning[205]: Found directive in column 1. (include)
                      00001 include <p16f877.inc>
                      00001         LIST
                      00002 
                      00003 ;==========================================================================
                      00004 ;  MPASM PIC16F877 processor include
                      00005 ; 
                      00006 ;  (c) Copyright 1999-2013 Microchip Technology, All rights reserved
                      00007 ;==========================================================================
                      00008 
Message[301]: MESSAGE: (Processor-header file mismatch.  Verify selected processor.)
                      00540         LIST
                      00002 
Warning[205]: Found directive in column 1. (CBLOCK)
                      00003 CBLOCK 0X20
  00000020            00004 GUARDAR_DATO
  00000021            00005 COMANDO
  00000022            00006 DATA_GUARDAR
  00000023            00007 DATAS
  00000024            00008 CUENTA
  00000025            00009 DATO
Warning[205]: Found directive in column 1. (ENDC)
                      00010 ENDC
                      00011 
                      00012 #DEFINE         RS              PORTA,0
                      00013 #DEFINE         E               PORTA,1
                      00014 
Warning[205]: Found directive in column 1. (ORG)
0000                  00015 ORG             0       
Warning[203]: Found opcode in column 1. (GOTO)
0000   2801           00016 GOTO    INICIO
0001                  00017 INICIO:
0001   1683           00018     BSF     STATUS,RP0
Message[302]: Register in operand not in bank 0.  Ensure that bank bits are correct.
0002   0185           00019     CLRF    TRISA; SALIDA
Message[302]: Register in operand not in bank 0.  Ensure that bank bits are correct.
0003   0186           00020     CLRF    TRISB; SALIDA
0004   1283           00021     BCF     STATUS,RP0
0005   205F           00022     CALL    Retardo_1ms
0006   1005           00023     BCF     RS; COMANDO
0007   3030           00024     MOVLW   0X30; RD4 RD5 RD6 RD7 -> RD3 AL RD0 
0008   204F           00025     CALL    LCD_CONFIG
0009   205F           00026     CALL    Retardo_1ms
000A   3030           00027     MOVLW   0X30
000B   204F           00028     CALL    LCD_CONFIG
000C   205F           00029     CALL    Retardo_1ms
000D   3030           00030     MOVLW   0X30
000E   204F           00031     CALL    LCD_CONFIG
000F   205F           00032     CALL    Retardo_1ms
                      00033 
0010   3020           00034     MOVLW   0X20; 4 BITS
0011   204F           00035     CALL    LCD_CONFIG
0012   2035           00036     CALL    LCD_2LINEAS; 0X28
MPASM  5.51                           LCD.ASM   4-16-2024  3:15:14         PAGE  2


LOC  OBJECT CODE     LINE SOURCE TEXT
  VALUE

0013   202F           00037     CALL    LCD_DISPLAY; 0X0C
0014   2031           00038     CALL    LCD_BORRAR; 0X01
0015   2033           00039     CALL    LCD_INCR    ;0X06
                      00040 
0016   3001           00041         MOVLW   .1
0017   202D           00042         CALL    LCD_LINEA1
0018   3048           00043         MOVLW   'H'
0019   203E           00044         CALL    LCD_CARACTER
001A   304F           00045         MOVLW   'O'
001B   203E           00046         CALL    LCD_CARACTER
001C   304C           00047         MOVLW   'L'
001D   203E           00048         CALL    LCD_CARACTER
001E   3041           00049         MOVLW   'A'
001F   203E           00050         CALL    LCD_CARACTER
0020   3005           00051         MOVLW   .5
0021   202B           00052         CALL    LCD_LINEA2
0022   3057           00053         MOVLW   'W'
0023   203E           00054         CALL    LCD_CARACTER
0024   3045           00055         MOVLW   'E'
0025   203E           00056         CALL    LCD_CARACTER
0026   304C           00057         MOVLW   'L'
0027   203E           00058         CALL    LCD_CARACTER
0028   3053           00059         MOVLW   'S'
0029   203E           00060         CALL    LCD_CARACTER
002A                  00061 START:
002A   282A           00062         GOTO    START
                      00063 
002B                  00064 LCD_LINEA2
002B   3EC0           00065     ADDLW   0XC0
002C   2837           00066     GOTO    LCD_COMANDO
002D                  00067 LCD_LINEA1
002D   3E80           00068     ADDLW   0X80; 0X80 + 1 = 0X81
002E   2837           00069     GOTO    LCD_COMANDO
002F                  00070 LCD_DISPLAY
002F   300C           00071     MOVLW   0X0C
0030   2837           00072     GOTO    LCD_COMANDO
0031                  00073 LCD_BORRAR
0031   3001           00074     MOVLW   0X01
0032   2837           00075     GOTO    LCD_COMANDO
0033                  00076 LCD_INCR
0033   3006           00077     MOVLW   0X06
0034   2837           00078     GOTO    LCD_COMANDO
0035                  00079 LCD_2LINEAS
0035   3028           00080     MOVLW   0X28
0036   2837           00081     GOTO    LCD_COMANDO
0037                  00082 LCD_COMANDO
0037   00A1           00083     MOVWF   COMANDO; 0X28
0038   0821           00084     MOVF    COMANDO,W
0039   204F           00085     CALL    LCD_CONFIG
003A   0EA1           00086     SWAPF   COMANDO,F; 0X28 -> 0X82
003B   0821           00087     MOVF    COMANDO,W
003C   204F           00088     CALL    LCD_CONFIG
003D   0008           00089     RETURN
MPASM  5.51                           LCD.ASM   4-16-2024  3:15:14         PAGE  3


LOC  OBJECT CODE     LINE SOURCE TEXT
  VALUE

003E                  00090 LCD_CARACTER
                      00091     ;W = H 
003E   00A2           00092     MOVWF   DATA_GUARDAR
003F   1405           00093     BSF     RS; CARACTER
0040   2045           00094     CALL    LCD_DATOS
0041   0EA2           00095     SWAPF   DATA_GUARDAR,F
0042   0822           00096     MOVF    DATA_GUARDAR,W
0043   2045           00097     CALL    LCD_DATOS
0044   0008           00098     RETURN
0045                  00099 LCD_DATOS
0045   39F0           00100     ANDLW   B'11110000'
0046   00A3           00101     MOVWF   DATAS
0047   1405           00102     BSF     RS;MODO CARACTER
0048   0806           00103     MOVF    PORTB,W
0049   390F           00104     ANDLW   B'00001111'
Message[305]: Using default destination of 1 (file).
004A   04A3           00105     IORWF   DATAS
004B   0823           00106     MOVF    DATAS,W
004C   0086           00107     MOVWF   PORTB
004D   2059           00108     CALL    ENABLE
004E   0008           00109     RETURN
004F                  00110 LCD_CONFIG
                      00111     ;W = 0X30
004F   39F0           00112     ANDLW   B'11110000';
                      00113     ;         00110000
                      00114     ; W=      00110000
0050   00A0           00115     MOVWF   GUARDAR_DATO
0051   1005           00116     BCF     RS; MODO COMANDO
0052   0806           00117     MOVF    PORTB,W
0053   390F           00118     ANDLW   B'00001111'
                      00119     ;         XXXX0101
                      00120     ;     W = 00000101
Message[305]: Using default destination of 1 (file).
0054   04A0           00121     IORWF   GUARDAR_DATO
                      00122     ; 00110000 OR 00000101 = 00110101
0055   0820           00123     MOVF    GUARDAR_DATO,W
0056   0086           00124     MOVWF   PORTB
0057   2059           00125     CALL    ENABLE
0058   0008           00126     RETURN
0059                  00127 ENABLE
0059   205F           00128     CALL    Retardo_1ms
005A   205F           00129     CALL    Retardo_1ms
005B   1485           00130     BSF     E
005C   205F           00131     CALL    Retardo_1ms
005D   1085           00132     BCF     E
005E   0008           00133     RETURN
                      00134     
                      00135     
005F                  00136 Retardo_1ms
005F   30FA           00137   MOVLW     .250
0060   00A4           00138   MOVWF     CUENTA
0061                  00139 BUCLE
0061   0000           00140   NOP
MPASM  5.51                           LCD.ASM   4-16-2024  3:15:14         PAGE  4


LOC  OBJECT CODE     LINE SOURCE TEXT
  VALUE

0062   0BA4           00141   DECFSZ    CUENTA,F
0063   2861           00142   GOTO      BUCLE
0064   0825           00143   MOVF      DATO,W
0065   0008           00144   RETURN
                      00145 
                      00146                 END
MPASM  5.51                           LCD.ASM   4-16-2024  3:15:14         PAGE  5


SYMBOL TABLE
  LABEL                             VALUE 

ACKDT                             00000005
ACKEN                             00000004
ACKSTAT                           00000006
ADCON0                            0000001F
ADCON1                            0000009F
ADCS0                             00000006
ADCS1                             00000007
ADDEN                             00000003
ADFM                              00000007
ADIE                              00000006
ADIF                              00000006
ADON                              00000000
ADRESH                            0000001E
ADRESL                            0000009E
BCLIE                             00000003
BCLIF                             00000003
BF                                00000000
BRGH                              00000002
BUCLE                             00000061
C                                 00000000
CCP1CON                           00000017
CCP1IE                            00000002
CCP1IF                            00000002
CCP1M0                            00000000
CCP1M1                            00000001
CCP1M2                            00000002
CCP1M3                            00000003
CCP1X                             00000005
CCP1Y                             00000004
CCP2CON                           0000001D
CCP2IE                            00000000
CCP2IF                            00000000
CCP2M0                            00000000
CCP2M1                            00000001
CCP2M2                            00000002
CCP2M3                            00000003
CCP2X                             00000005
CCP2Y                             00000004
CCPR1                             00000015
CCPR1H                            00000016
CCPR1L                            00000015
CCPR2                             0000001B
CCPR2H                            0000001C
CCPR2L                            0000001B
CHS0                              00000003
CHS1                              00000004
CHS2                              00000005
CKE                               00000006
CKP                               00000004
COMANDO                           00000021
CREN                              00000004
CSRC                              00000007
CUENTA                            00000024
MPASM  5.51                           LCD.ASM   4-16-2024  3:15:14         PAGE  6


SYMBOL TABLE
  LABEL                             VALUE 

D                                 00000005
DATAS                             00000023
DATA_ADDRESS                      00000005
DATA_GUARDAR                      00000022
DATO                              00000025
DC                                00000001
D_A                               00000005
D_NOT_A                           00000005
E                                 PORTA,1
EEADR                             0000010D
EEADRH                            0000010F
EECON1                            0000018C
EECON2                            0000018D
EEDATA                            0000010C
EEDATH                            0000010E
EEIE                              00000004
EEIF                              00000004
EEPGD                             00000007
ENABLE                            00000059
F                                 00000001
FERR                              00000002
FSR                               00000004
GCEN                              00000007
GIE                               00000007
GO                                00000002
GO_DONE                           00000002
GO_NOT_DONE                       00000002
GUARDAR_DATO                      00000020
I2C_DATA                          00000005
I2C_READ                          00000002
I2C_START                         00000003
I2C_STOP                          00000004
IBF                               00000007
IBOV                              00000005
INDF                              00000000
INICIO                            00000001
INTCON                            0000000B
INTE                              00000004
INTEDG                            00000006
INTF                              00000001
IRP                               00000007
LCD_2LINEAS                       00000035
LCD_BORRAR                        00000031
LCD_CARACTER                      0000003E
LCD_COMANDO                       00000037
LCD_CONFIG                        0000004F
LCD_DATOS                         00000045
LCD_DISPLAY                       0000002F
LCD_INCR                          00000033
LCD_LINEA1                        0000002D
LCD_LINEA2                        0000002B
NOT_A                             00000005
NOT_ADDRESS                       00000005
MPASM  5.51                           LCD.ASM   4-16-2024  3:15:14         PAGE  7


SYMBOL TABLE
  LABEL                             VALUE 

NOT_BO                            00000000
NOT_BOR                           00000000
NOT_DONE                          00000002
NOT_PD                            00000003
NOT_POR                           00000001
NOT_RBPU                          00000007
NOT_RC8                           00000006
NOT_T1SYNC                        00000002
NOT_TO                            00000004
NOT_TX8                           00000006
NOT_W                             00000002
NOT_WRITE                         00000002
OBF                               00000006
OERR                              00000001
OPTION_REG                        00000081
P                                 00000004
PCFG0                             00000000
PCFG1                             00000001
PCFG2                             00000002
PCFG3                             00000003
PCL                               00000002
PCLATH                            0000000A
PCON                              0000008E
PEIE                              00000006
PEN                               00000002
PIE1                              0000008C
PIE2                              0000008D
PIR1                              0000000C
PIR2                              0000000D
PORTA                             00000005
PORTB                             00000006
PORTC                             00000007
PORTD                             00000008
PORTE                             00000009
PR2                               00000092
PS0                               00000000
PS1                               00000001
PS2                               00000002
PSA                               00000003
PSPIE                             00000007
PSPIF                             00000007
PSPMODE                           00000004
R                                 00000002
RA0                               00000000
RA1                               00000001
RA2                               00000002
RA3                               00000003
RA4                               00000004
RA5                               00000005
RB0                               00000000
RB1                               00000001
RB2                               00000002
RB3                               00000003
MPASM  5.51                           LCD.ASM   4-16-2024  3:15:14         PAGE  8


SYMBOL TABLE
  LABEL                             VALUE 

RB4                               00000004
RB5                               00000005
RB6                               00000006
RB7                               00000007
RBIE                              00000003
RBIF                              00000000
RC0                               00000000
RC1                               00000001
RC2                               00000002
RC3                               00000003
RC4                               00000004
RC5                               00000005
RC6                               00000006
RC7                               00000007
RC8_9                             00000006
RC9                               00000006
RCD8                              00000000
RCEN                              00000003
RCIE                              00000005
RCIF                              00000005
RCREG                             0000001A
RCSTA                             00000018
RD                                00000000
RD0                               00000000
RD1                               00000001
RD2                               00000002
RD3                               00000003
RD4                               00000004
RD5                               00000005
RD6                               00000006
RD7                               00000007
RE0                               00000000
RE1                               00000001
RE2                               00000002
READ_WRITE                        00000002
RP0                               00000005
RP1                               00000006
RS                                PORTA,0
RSEN                              00000001
RX9                               00000006
RX9D                              00000000
R_NOT_W                           00000002
R_W                               00000002
Retardo_1ms                       0000005F
S                                 00000003
SEN                               00000000
SMP                               00000007
SPBRG                             00000099
SPEN                              00000007
SREN                              00000005
SSPADD                            00000093
SSPBUF                            00000013
SSPCON                            00000014
MPASM  5.51                           LCD.ASM   4-16-2024  3:15:14         PAGE  9


SYMBOL TABLE
  LABEL                             VALUE 

SSPCON2                           00000091
SSPEN                             00000005
SSPIE                             00000003
SSPIF                             00000003
SSPM0                             00000000
SSPM1                             00000001
SSPM2                             00000002
SSPM3                             00000003
SSPOV                             00000006
SSPSTAT                           00000094
START                             0000002A
STATUS                            00000003
SYNC                              00000004
T0CS                              00000005
T0IE                              00000005
T0IF                              00000002
T0SE                              00000004
T1CKPS0                           00000004
T1CKPS1                           00000005
T1CON                             00000010
T1INSYNC                          00000002
T1OSCEN                           00000003
T1SYNC                            00000002
T2CKPS0                           00000000
T2CKPS1                           00000001
T2CON                             00000012
TMR0                              00000001
TMR0IE                            00000005
TMR0IF                            00000002
TMR1                              0000000E
TMR1CS                            00000001
TMR1H                             0000000F
TMR1IE                            00000000
TMR1IF                            00000000
TMR1L                             0000000E
TMR1ON                            00000000
TMR2                              00000011
TMR2IE                            00000001
TMR2IF                            00000001
TMR2ON                            00000002
TOUTPS0                           00000003
TOUTPS1                           00000004
TOUTPS2                           00000005
TOUTPS3                           00000006
TRISA                             00000085
TRISA0                            00000000
TRISA1                            00000001
TRISA2                            00000002
TRISA3                            00000003
TRISA4                            00000004
TRISA5                            00000005
TRISB                             00000086
TRISB0                            00000000
MPASM  5.51                           LCD.ASM   4-16-2024  3:15:14         PAGE 10


SYMBOL TABLE
  LABEL                             VALUE 

TRISB1                            00000001
TRISB2                            00000002
TRISB3                            00000003
TRISB4                            00000004
TRISB5                            00000005
TRISB6                            00000006
TRISB7                            00000007
TRISC                             00000087
TRISC0                            00000000
TRISC1                            00000001
TRISC2                            00000002
TRISC3                            00000003
TRISC4                            00000004
TRISC5                            00000005
TRISC6                            00000006
TRISC7                            00000007
TRISD                             00000088
TRISD0                            00000000
TRISD1                            00000001
TRISD2                            00000002
TRISD3                            00000003
TRISD4                            00000004
TRISD5                            00000005
TRISD6                            00000006
TRISD7                            00000007
TRISE                             00000089
TRISE0                            00000000
TRISE1                            00000001
TRISE2                            00000002
TRMT                              00000001
TX8_9                             00000006
TX9                               00000006
TX9D                              00000000
TXD8                              00000000
TXEN                              00000005
TXIE                              00000004
TXIF                              00000004
TXREG                             00000019
TXSTA                             00000098
UA                                00000001
W                                 00000000
WCOL                              00000007
WR                                00000001
WREN                              00000002
WRERR                             00000003
Z                                 00000002
_BODEN_OFF                        00003FBF
_BODEN_ON                         00003FFF
_BOREN_OFF                        00003FBF
_BOREN_ON                         00003FFF
_CONFIG                           00002007
_CPD_OFF                          00003FFF
_CPD_ON                           00003EFF
MPASM  5.51                           LCD.ASM   4-16-2024  3:15:14         PAGE 11


SYMBOL TABLE
  LABEL                             VALUE 

_CP_ALL                           00000FCF
_CP_HALF                          00001FDF
_CP_OFF                           00003FFF
_CP_UPPER_256                     00002FEF
_DEBUG_OFF                        00003FFF
_DEBUG_ON                         000037FF
_DEVID1                           00002006
_FOSC_EXTRC                       00003FFF
_FOSC_HS                          00003FFE
_FOSC_LP                          00003FFC
_FOSC_XT                          00003FFD
_HS_OSC                           00003FFE
_IDLOC0                           00002000
_IDLOC1                           00002001
_IDLOC2                           00002002
_IDLOC3                           00002003
_LP_OSC                           00003FFC
_LVP_OFF                          00003F7F
_LVP_ON                           00003FFF
_PWRTE_OFF                        00003FFF
_PWRTE_ON                         00003FF7
_RC_OSC                           00003FFF
_WDTE_OFF                         00003FFB
_WDTE_ON                          00003FFF
_WDT_OFF                          00003FFB
_WDT_ON                           00003FFF
_WRT_ENABLE_OFF                   00003DFF
_WRT_ENABLE_ON                    00003FFF
_WRT_OFF                          00003DFF
_WRT_ON                           00003FFF
_XT_OSC                           00003FFD
__16F877A                         00000001


MEMORY USAGE MAP ('X' = Used,  '-' = Unused)

0000 : XXXXXXXXXXXXXXXX XXXXXXXXXXXXXXXX XXXXXXXXXXXXXXXX XXXXXXXXXXXXXXXX
0040 : XXXXXXXXXXXXXXXX XXXXXXXXXXXXXXXX XXXXXX---------- ----------------

All other memory blocks unused.

Program Memory Words Used:   102
Program Memory Words Free:  8090


Errors   :     0
Warnings :     5 reported,     0 suppressed
Messages :     5 reported,     0 suppressed

