
ROM used:   556/8192 (7%)
            556/8192 (7%) including unused fragments

            0.5 Average locations per line
            5.6 Average locations per statement

RAM used:   6/368 (2%) at main() level
            23/368 (6%) worst case

Stack used: 5 worst case (5 in main + 0 for interrupts)
Stack size: 8

Lines Stmts  %   Files
----- ----- ---  -----
   28    15  15  ejercicio7.c
  639     0   0  ..\..\..\..\..\..\..\..\Program Files (x86)\PICC\Devices\16F877.h
  456    84  85  ..\..\..\..\..\..\..\..\Program Files (x86)\PICC\Drivers\lcd.c
----- -----
 1123    99 Total

Page ROM  %  RAM   Vol Diff  Functions:
---- --- --- ---   --- ----  ----------
0     20   4    1             @delay_ms1
 Inline         3   596  5.9  lcd_read_byte
0      6   1    0    59  4.2  lcd_read_nibble
0     17   3    1   179  3.3  lcd_send_nibble
0     66  12    3   460  4.7  lcd_send_byte
0     62  11    6   814  7.2  lcd_init
0     18   3    4   208  6.3  lcd_gotoxy
0     44   8    1   354  4.7  lcd_putc
0     79  14    0   383  4.1  MAIN
0      4   1    0             @const657
0     21   4    3             @DIV88
0     89  16    6             @PRINTF_D_640
0     87  16    5             @PSTRINGCN7_640
0      4   1    0             @const666
0     35   6    2             @PRINTF_X_640
 Inline         0             @cinit1

Program metrics:
    Functions               8
    Statements              99
    Comments                214
    Volume (V)              4639
    Difficulty (D)          38.4
    Effort to implement (E) 178075
    Time to implement (T)   2 hours, 45 minutes
    Est Delivered Bugs (B)  1
    Cyclomatic Complexity   9
    Maintainability (MI)    146

 Segment     Used  Free
-----------  ----  ----
00000-00003     4  0  
00004-007FF   552  1492  
00800-00FFF     0  2048  
01000-017FF     0  2048  
01800-01FFF     0  2048  



