
ROM used:   442/8192 (5%)
            2049/8192 (25%) including unused fragments

            0.6 Average locations per line
            8.5 Average locations per statement

RAM used:   9/368 (2%) at main() level
            13/368 (4%) worst case

Stack used: 2 worst case (1 in main + 1 for interrupts)
Stack size: 8

Lines Stmts  %   Files
----- ----- ---  -----
   81    52 100  ejercicio6.c
  639     0   0  ..\..\..\..\..\..\..\..\Program Files (x86)\PICC\Devices\16f877.h
----- -----
  720    52 Total

Page ROM  %  RAM   Vol Diff  Functions:
---- --- --- ---   --- ----  ----------
0     20   5    1             @delay_ms1
3      1   0    0     5  1.0  loader16F877
0    246  56    4  1739  7.9  MAIN
0      8   2    0    59  4.2  @const624
0     88  20    4   179  3.3  @PSTRINGC7_9600_62_63
0      8   2    0   460  4.7  @const626
0      9   2    0   814  7.2  @const627
0     14   3    0   208  6.3  @const628
0     15   3    0   354  4.7  @const630
0     14   3    0   238  4.0  @const631
0     15   3    0   267  6.8  @const632
 Inline         0    90  2.5  @cinit1

Program metrics:
    Functions               11
    Statements              52
    Comments                154
    Volume (V)              6621
    Difficulty (D)          51.0
    Effort to implement (E) 337998
    Time to implement (T)   5 hours, 13 minutes
    Est Delivered Bugs (B)  2
    Cyclomatic Complexity   21
    Maintainability (MI)    89

 Segment     Used  Free
-----------  ----  ----
00000-00003     4  0  
00004-007FF   437  1607  
00800-00FFF     0  2048  
01000-017FF     0  2048  
01800-01EFF     0  1792  
01F00-01FFF     1  255  



