MPASM  5.51                            E1.ASM   3-11-2024  13:06:03         PAGE  1


LOC  OBJECT CODE     LINE SOURCE TEXT
  VALUE

Warning[205]: Found directive in column 1. (processor)
                      00001 processor 16f877                                        ;Indica la versión de procesador
Warning[205]: Found directive in column 1. (include)
                      00002 include <p16f877.inc>                           ;Incluye la librería de la versión del procesador
                      00001         LIST
                      00002 
                      00003 ;==========================================================================
                      00004 ;  MPASM PIC16F877 processor include
                      00005 ; 
                      00006 ;  (c) Copyright 1999-2013 Microchip Technology, All rights reserved
                      00007 ;==========================================================================
                      00008 
Message[301]: MESSAGE: (Processor-header file mismatch.  Verify selected processor.)
                      00540         LIST
Warning[207]: Found label after column 1. (valor1)
  00000021            00003                                 valor1 equ h'21'
  00000022            00004 valor2 equ h'22'
  00000023            00005 valor3 equ h'23'
  000000DF            00006 cte1 equ 0DFh
  00000050            00007 cte2 equ 50h
  00000060            00008 cte3 equ 60h
0000                  00009                                 ORG 0H                          ;Carga al vector de RESET la dirección d
                            e inicio
0000   2805           00010                                 GOTO INICIO             ;Nos movemos a la etiqueta inicio
0005                  00011                                 ORG 05H                         ;Dirección de inicio del programa del us
                            uario
                      00012 
0005   0185           00013 INICIO:                 CLRF    PORTA           ;se limpia el contenido del puerto PORTA
0006   1683           00014                                 BSF     STATUS,RP0      ;Cambia la banco 1
0007   1303           00015                                 BCF     STATUS,RP1 
0008   3006           00016                                 MOVLW   06H             ;Configura puertos A y E como digitales
Message[302]: Register in operand not in bank 0.  Ensure that bank bits are correct.
0009   009F           00017                                 MOVWF   ADCON1          ;
000A   303F           00018                                 MOVLW   3FH             ;Configura el puerto A como entrada
Message[302]: Register in operand not in bank 0.  Ensure that bank bits are correct.
000B   0085           00019                                 MOVWF   TRISA
                      00020                                                                         ;Se coloca un 0 en el registro W
Message[302]: Register in operand not in bank 0.  Ensure that bank bits are correct.
000C   0186           00021                                 CLRF    TRISB           ; Se configura al puerto PORTB como puerto de sa
                            lida
000D   1283           00022                                 BCF     STATUS,RP0      ;Regresa al banco cero
000E                  00023 LOOP:                   ;Modo de direccionamiento indexado
000E   0805           00024                                 MOVF    PORTA,W         ; W <- (PORTA)
000F   3907           00025                                 ANDLW   0x07                    ; 
0010   0782           00026                                 ADDWF   PCL,F
0011   2819           00027                                 GOTO    APAGADOS        ;PC + 0
0012   281B           00028                                 GOTO    ENCENDIDOS      ;PC * 1
0013   281E           00029                                 GOTO    CORR_DER        ;PC * 2
0014   2827           00030                                 GOTO    CORR_IZQ        ;PC + 3
0015   282F           00031                                 GOTO    PONG        ;PC + 4
0016   283D           00032                                 GOTO    ON_OFF          ;PC + 5
0017   2819           00033                                 GOTO    APAGADOS    ;PC + 6
0018   2819           00034                                 GOTO    APAGADOS    ;PC + 7
MPASM  5.51                            E1.ASM   3-11-2024  13:06:03         PAGE  2


LOC  OBJECT CODE     LINE SOURCE TEXT
  VALUE

                      00035 
0019   0186           00036 APAGADOS:               CLRF    PORTB
001A   280E           00037                                 GOTO    LOOP
                      00038 
001B   30FF           00039 ENCENDIDOS:             MOVLW   B'11111111'
001C   0086           00040                                 MOVWF   PORTB
001D   280E           00041                                 GOTO    LOOP
001E                  00042 CORR_DER:               
001E   1003           00043                                 BCF             STATUS,C
001F   3001           00044                                 MOVLW   b'00000001'
0020   0086           00045                                 MOVWF   PORTB
                      00046                                 
0021   2044           00047 NO_TERMINA:             CALL    RETARDO
0022   0D86           00048                                 RLF             PORTB,1
0023   2044           00049                                 CALL    RETARDO
0024   1F86           00050                                 BTFSS   PORTB,7
0025   2821           00051                                 GOTO    NO_TERMINA
                      00052                                 
                      00053 
0026   280E           00054                                 GOTO    LOOP
0027                  00055 CORR_IZQ:
0027   1003           00056                                 BCF             STATUS,C
0028   3080           00057                                 MOVLW   b'10000000'
0029   0086           00058                                 MOVWF   PORTB
                      00059                                 
002A   2044           00060 NO_TERMINA2:    CALL    RETARDO
002B   0C86           00061                                 RRF             PORTB,1
002C   2044           00062                                 CALL    RETARDO
002D   1C06           00063                                 BTFSS   PORTB,0
002E   282A           00064                                 GOTO    NO_TERMINA2
                      00065 
002F                  00066 PONG:                   
002F   1003           00067                                 BCF             STATUS,C
0030   3080           00068                                 MOVLW   b'10000000'
0031   0086           00069                                 MOVWF   PORTB
                      00070                                 
0032   2044           00071 NO_TERMINA3:    CALL    RETARDO
0033   0C86           00072                                 RRF             PORTB,1
0034   2044           00073                                 CALL    RETARDO
0035   1C06           00074                                 BTFSS   PORTB,0
0036   2832           00075                                 GOTO    NO_TERMINA3
                      00076                                 
0037   2044           00077 NO_TERMINA4:    CALL    RETARDO
0038   0D86           00078                                 RLF             PORTB,1
0039   2044           00079                                 CALL    RETARDO
003A   1F86           00080                                 BTFSS   PORTB,7
003B   2837           00081                                 GOTO    NO_TERMINA4
003C   280E           00082                                 GOTO    LOOP
                      00083 
003D                  00084 ON_OFF:
003D   3000           00085                                 MOVLW   00H
003E   0086           00086                                 MOVWF   PORTB
003F   2044           00087                                 CALL    RETARDO
MPASM  5.51                            E1.ASM   3-11-2024  13:06:03         PAGE  3


LOC  OBJECT CODE     LINE SOURCE TEXT
  VALUE

0040   30FF           00088                                 MOVLW   0FFH
0041   0086           00089                                 MOVWF   PORTB
0042   2044           00090                                 CALL    RETARDO
0043   280E           00091                                 GOTO    LOOP
                      00092 
0044                  00093 RETARDO:                
0044   30DF           00094                                  MOVLW cte1
0045   00A1           00095                                  MOVWF valor1
0046   3050           00096 tres MOVLW cte2
0047   00A2           00097                                 MOVWF valor2
0048   3060           00098 dos MOVLW cte3
0049   00A3           00099                                 MOVWF valor3
Message[305]: Using default destination of 1 (file).
004A   0BA3           00100 uno DECFSZ valor3
004B   284A           00101                                  GOTO uno
Message[305]: Using default destination of 1 (file).
004C   0BA2           00102                                 DECFSZ valor2
004D   2848           00103                                 GOTO dos
Message[305]: Using default destination of 1 (file).
004E   0BA1           00104                                 DECFSZ valor1
004F   2846           00105                                 GOTO tres
                      00106 
0050   0008           00107                                 return
                      00108 
                      00109                                 END                             ;Fin de programa 
MPASM  5.51                            E1.ASM   3-11-2024  13:06:03         PAGE  4


SYMBOL TABLE
  LABEL                             VALUE 

ACKDT                             00000005
ACKEN                             00000004
ACKSTAT                           00000006
ADCON0                            0000001F
ADCON1                            0000009F
ADCS0                             00000006
ADCS1                             00000007
ADDEN                             00000003
ADFM                              00000007
ADIE                              00000006
ADIF                              00000006
ADON                              00000000
ADRESH                            0000001E
ADRESL                            0000009E
APAGADOS                          00000019
BCLIE                             00000003
BCLIF                             00000003
BF                                00000000
BRGH                              00000002
C                                 00000000
CCP1CON                           00000017
CCP1IE                            00000002
CCP1IF                            00000002
CCP1M0                            00000000
CCP1M1                            00000001
CCP1M2                            00000002
CCP1M3                            00000003
CCP1X                             00000005
CCP1Y                             00000004
CCP2CON                           0000001D
CCP2IE                            00000000
CCP2IF                            00000000
CCP2M0                            00000000
CCP2M1                            00000001
CCP2M2                            00000002
CCP2M3                            00000003
CCP2X                             00000005
CCP2Y                             00000004
CCPR1                             00000015
CCPR1H                            00000016
CCPR1L                            00000015
CCPR2                             0000001B
CCPR2H                            0000001C
CCPR2L                            0000001B
CHS0                              00000003
CHS1                              00000004
CHS2                              00000005
CKE                               00000006
CKP                               00000004
CORR_DER                          0000001E
CORR_IZQ                          00000027
CREN                              00000004
CSRC                              00000007
MPASM  5.51                            E1.ASM   3-11-2024  13:06:03         PAGE  5


SYMBOL TABLE
  LABEL                             VALUE 

D                                 00000005
DATA_ADDRESS                      00000005
DC                                00000001
D_A                               00000005
D_NOT_A                           00000005
EEADR                             0000010D
EEADRH                            0000010F
EECON1                            0000018C
EECON2                            0000018D
EEDATA                            0000010C
EEDATH                            0000010E
EEIE                              00000004
EEIF                              00000004
EEPGD                             00000007
ENCENDIDOS                        0000001B
F                                 00000001
FERR                              00000002
FSR                               00000004
GCEN                              00000007
GIE                               00000007
GO                                00000002
GO_DONE                           00000002
GO_NOT_DONE                       00000002
I2C_DATA                          00000005
I2C_READ                          00000002
I2C_START                         00000003
I2C_STOP                          00000004
IBF                               00000007
IBOV                              00000005
INDF                              00000000
INICIO                            00000005
INTCON                            0000000B
INTE                              00000004
INTEDG                            00000006
INTF                              00000001
IRP                               00000007
LOOP                              0000000E
NOT_A                             00000005
NOT_ADDRESS                       00000005
NOT_BO                            00000000
NOT_BOR                           00000000
NOT_DONE                          00000002
NOT_PD                            00000003
NOT_POR                           00000001
NOT_RBPU                          00000007
NOT_RC8                           00000006
NOT_T1SYNC                        00000002
NOT_TO                            00000004
NOT_TX8                           00000006
NOT_W                             00000002
NOT_WRITE                         00000002
NO_TERMINA                        00000021
NO_TERMINA2                       0000002A
MPASM  5.51                            E1.ASM   3-11-2024  13:06:03         PAGE  6


SYMBOL TABLE
  LABEL                             VALUE 

NO_TERMINA3                       00000032
NO_TERMINA4                       00000037
OBF                               00000006
OERR                              00000001
ON_OFF                            0000003D
OPTION_REG                        00000081
P                                 00000004
PCFG0                             00000000
PCFG1                             00000001
PCFG2                             00000002
PCFG3                             00000003
PCL                               00000002
PCLATH                            0000000A
PCON                              0000008E
PEIE                              00000006
PEN                               00000002
PIE1                              0000008C
PIE2                              0000008D
PIR1                              0000000C
PIR2                              0000000D
PONG                              0000002F
PORTA                             00000005
PORTB                             00000006
PORTC                             00000007
PORTD                             00000008
PORTE                             00000009
PR2                               00000092
PS0                               00000000
PS1                               00000001
PS2                               00000002
PSA                               00000003
PSPIE                             00000007
PSPIF                             00000007
PSPMODE                           00000004
R                                 00000002
RA0                               00000000
RA1                               00000001
RA2                               00000002
RA3                               00000003
RA4                               00000004
RA5                               00000005
RB0                               00000000
RB1                               00000001
RB2                               00000002
RB3                               00000003
RB4                               00000004
RB5                               00000005
RB6                               00000006
RB7                               00000007
RBIE                              00000003
RBIF                              00000000
RC0                               00000000
RC1                               00000001
MPASM  5.51                            E1.ASM   3-11-2024  13:06:03         PAGE  7


SYMBOL TABLE
  LABEL                             VALUE 

RC2                               00000002
RC3                               00000003
RC4                               00000004
RC5                               00000005
RC6                               00000006
RC7                               00000007
RC8_9                             00000006
RC9                               00000006
RCD8                              00000000
RCEN                              00000003
RCIE                              00000005
RCIF                              00000005
RCREG                             0000001A
RCSTA                             00000018
RD                                00000000
RD0                               00000000
RD1                               00000001
RD2                               00000002
RD3                               00000003
RD4                               00000004
RD5                               00000005
RD6                               00000006
RD7                               00000007
RE0                               00000000
RE1                               00000001
RE2                               00000002
READ_WRITE                        00000002
RETARDO                           00000044
RP0                               00000005
RP1                               00000006
RSEN                              00000001
RX9                               00000006
RX9D                              00000000
R_NOT_W                           00000002
R_W                               00000002
S                                 00000003
SEN                               00000000
SMP                               00000007
SPBRG                             00000099
SPEN                              00000007
SREN                              00000005
SSPADD                            00000093
SSPBUF                            00000013
SSPCON                            00000014
SSPCON2                           00000091
SSPEN                             00000005
SSPIE                             00000003
SSPIF                             00000003
SSPM0                             00000000
SSPM1                             00000001
SSPM2                             00000002
SSPM3                             00000003
SSPOV                             00000006
MPASM  5.51                            E1.ASM   3-11-2024  13:06:03         PAGE  8


SYMBOL TABLE
  LABEL                             VALUE 

SSPSTAT                           00000094
STATUS                            00000003
SYNC                              00000004
T0CS                              00000005
T0IE                              00000005
T0IF                              00000002
T0SE                              00000004
T1CKPS0                           00000004
T1CKPS1                           00000005
T1CON                             00000010
T1INSYNC                          00000002
T1OSCEN                           00000003
T1SYNC                            00000002
T2CKPS0                           00000000
T2CKPS1                           00000001
T2CON                             00000012
TMR0                              00000001
TMR0IE                            00000005
TMR0IF                            00000002
TMR1                              0000000E
TMR1CS                            00000001
TMR1H                             0000000F
TMR1IE                            00000000
TMR1IF                            00000000
TMR1L                             0000000E
TMR1ON                            00000000
TMR2                              00000011
TMR2IE                            00000001
TMR2IF                            00000001
TMR2ON                            00000002
TOUTPS0                           00000003
TOUTPS1                           00000004
TOUTPS2                           00000005
TOUTPS3                           00000006
TRISA                             00000085
TRISA0                            00000000
TRISA1                            00000001
TRISA2                            00000002
TRISA3                            00000003
TRISA4                            00000004
TRISA5                            00000005
TRISB                             00000086
TRISB0                            00000000
TRISB1                            00000001
TRISB2                            00000002
TRISB3                            00000003
TRISB4                            00000004
TRISB5                            00000005
TRISB6                            00000006
TRISB7                            00000007
TRISC                             00000087
TRISC0                            00000000
TRISC1                            00000001
MPASM  5.51                            E1.ASM   3-11-2024  13:06:03         PAGE  9


SYMBOL TABLE
  LABEL                             VALUE 

TRISC2                            00000002
TRISC3                            00000003
TRISC4                            00000004
TRISC5                            00000005
TRISC6                            00000006
TRISC7                            00000007
TRISD                             00000088
TRISD0                            00000000
TRISD1                            00000001
TRISD2                            00000002
TRISD3                            00000003
TRISD4                            00000004
TRISD5                            00000005
TRISD6                            00000006
TRISD7                            00000007
TRISE                             00000089
TRISE0                            00000000
TRISE1                            00000001
TRISE2                            00000002
TRMT                              00000001
TX8_9                             00000006
TX9                               00000006
TX9D                              00000000
TXD8                              00000000
TXEN                              00000005
TXIE                              00000004
TXIF                              00000004
TXREG                             00000019
TXSTA                             00000098
UA                                00000001
W                                 00000000
WCOL                              00000007
WR                                00000001
WREN                              00000002
WRERR                             00000003
Z                                 00000002
_BODEN_OFF                        00003FBF
_BODEN_ON                         00003FFF
_BOREN_OFF                        00003FBF
_BOREN_ON                         00003FFF
_CONFIG                           00002007
_CPD_OFF                          00003FFF
_CPD_ON                           00003EFF
_CP_ALL                           00000FCF
_CP_HALF                          00001FDF
_CP_OFF                           00003FFF
_CP_UPPER_256                     00002FEF
_DEBUG_OFF                        00003FFF
_DEBUG_ON                         000037FF
_DEVID1                           00002006
_FOSC_EXTRC                       00003FFF
_FOSC_HS                          00003FFE
_FOSC_LP                          00003FFC
MPASM  5.51                            E1.ASM   3-11-2024  13:06:03         PAGE 10


SYMBOL TABLE
  LABEL                             VALUE 

_FOSC_XT                          00003FFD
_HS_OSC                           00003FFE
_IDLOC0                           00002000
_IDLOC1                           00002001
_IDLOC2                           00002002
_IDLOC3                           00002003
_LP_OSC                           00003FFC
_LVP_OFF                          00003F7F
_LVP_ON                           00003FFF
_PWRTE_OFF                        00003FFF
_PWRTE_ON                         00003FF7
_RC_OSC                           00003FFF
_WDTE_OFF                         00003FFB
_WDTE_ON                          00003FFF
_WDT_OFF                          00003FFB
_WDT_ON                           00003FFF
_WRT_ENABLE_OFF                   00003DFF
_WRT_ENABLE_ON                    00003FFF
_WRT_OFF                          00003DFF
_WRT_ON                           00003FFF
_XT_OSC                           00003FFD
__16F877A                         00000001
cte1                              000000DF
cte2                              00000050
cte3                              00000060
dos                               00000048
tres                              00000046
uno                               0000004A
valor1                            00000021
valor2                            00000022
valor3                            00000023


MEMORY USAGE MAP ('X' = Used,  '-' = Unused)

0000 : X----XXXXXXXXXXX XXXXXXXXXXXXXXXX XXXXXXXXXXXXXXXX XXXXXXXXXXXXXXXX
0040 : XXXXXXXXXXXXXXXX X--------------- ---------------- ----------------

All other memory blocks unused.

Program Memory Words Used:    77
Program Memory Words Free:  8115


Errors   :     0
Warnings :     3 reported,     0 suppressed
Messages :     7 reported,     0 suppressed

