Warning[205] C:\USERS\USER\DOCUMENTS\GITHUB\PIC16F877A\PR·CTICAS\PR·CTICA05\E2.ASM 1 : Found directive in column 1. (processor)
Warning[205] C:\USERS\USER\DOCUMENTS\GITHUB\PIC16F877A\PR·CTICAS\PR·CTICA05\E2.ASM 2 : Found directive in column 1. (include)
Message[301] C:\PROGRAM FILES (X86)\MICROCHIP\MPASM SUITE\P16F877.INC 33 : MESSAGE: (Processor-header file mismatch.  Verify selected processor.)
Warning[205] C:\USERS\USER\DOCUMENTS\GITHUB\PIC16F877A\PR·CTICAS\PR·CTICA05\E2.ASM 10 : Found directive in column 1. (org)
Warning[203] C:\USERS\USER\DOCUMENTS\GITHUB\PIC16F877A\PR·CTICAS\PR·CTICA05\E2.ASM 11 : Found opcode in column 1. (goto)
Warning[205] C:\USERS\USER\DOCUMENTS\GITHUB\PIC16F877A\PR·CTICAS\PR·CTICA05\E2.ASM 12 : Found directive in column 1. (org)
Message[302] C:\USERS\USER\DOCUMENTS\GITHUB\PIC16F877A\PR·CTICAS\PR·CTICA05\E2.ASM 22 : Register in operand not in bank 0.  Ensure that bank bits are correct.
Message[302] C:\USERS\USER\DOCUMENTS\GITHUB\PIC16F877A\PR·CTICAS\PR·CTICA05\E2.ASM 25 : Register in operand not in bank 0.  Ensure that bank bits are correct.
Message[302] C:\USERS\USER\DOCUMENTS\GITHUB\PIC16F877A\PR·CTICAS\PR·CTICA05\E2.ASM 27 : Register in operand not in bank 0.  Ensure that bank bits are correct.
Message[305] C:\USERS\USER\DOCUMENTS\GITHUB\PIC16F877A\PR·CTICAS\PR·CTICA05\E2.ASM 64 : Using default destination of 1 (file).
Message[305] C:\USERS\USER\DOCUMENTS\GITHUB\PIC16F877A\PR·CTICAS\PR·CTICA05\E2.ASM 84 : Using default destination of 1 (file).
Warning[203] C:\USERS\USER\DOCUMENTS\GITHUB\PIC16F877A\PR·CTICAS\PR·CTICA05\E2.ASM 97 : Found opcode in column 1. (movwf)
Warning[203] C:\USERS\USER\DOCUMENTS\GITHUB\PIC16F877A\PR·CTICAS\PR·CTICA05\E2.ASM 99 : Found opcode in column 1. (movwf)
Warning[203] C:\USERS\USER\DOCUMENTS\GITHUB\PIC16F877A\PR·CTICAS\PR·CTICA05\E2.ASM 101 : Found opcode in column 1. (movwf)
Message[305] C:\USERS\USER\DOCUMENTS\GITHUB\PIC16F877A\PR·CTICAS\PR·CTICA05\E2.ASM 102 : Using default destination of 1 (file).
Warning[203] C:\USERS\USER\DOCUMENTS\GITHUB\PIC16F877A\PR·CTICAS\PR·CTICA05\E2.ASM 103 : Found opcode in column 1. (goto)
Warning[203] C:\USERS\USER\DOCUMENTS\GITHUB\PIC16F877A\PR·CTICAS\PR·CTICA05\E2.ASM 104 : Found opcode in column 1. (decfsz)
Message[305] C:\USERS\USER\DOCUMENTS\GITHUB\PIC16F877A\PR·CTICAS\PR·CTICA05\E2.ASM 104 : Using default destination of 1 (file).
Warning[203] C:\USERS\USER\DOCUMENTS\GITHUB\PIC16F877A\PR·CTICAS\PR·CTICA05\E2.ASM 105 : Found opcode in column 1. (goto)
Warning[203] C:\USERS\USER\DOCUMENTS\GITHUB\PIC16F877A\PR·CTICAS\PR·CTICA05\E2.ASM 106 : Found opcode in column 1. (decfsz)
Message[305] C:\USERS\USER\DOCUMENTS\GITHUB\PIC16F877A\PR·CTICAS\PR·CTICA05\E2.ASM 106 : Using default destination of 1 (file).
Warning[203] C:\USERS\USER\DOCUMENTS\GITHUB\PIC16F877A\PR·CTICAS\PR·CTICA05\E2.ASM 107 : Found opcode in column 1. (goto)
Warning[203] C:\USERS\USER\DOCUMENTS\GITHUB\PIC16F877A\PR·CTICAS\PR·CTICA05\E2.ASM 108 : Found opcode in column 1. (return)
Warning[205] C:\USERS\USER\DOCUMENTS\GITHUB\PIC16F877A\PR·CTICAS\PR·CTICA05\E2.ASM 109 : Found directive in column 1. (end)
