MPASM  5.51                            E2.ASM   5-13-2024  0:02:59         PAGE  1


LOC  OBJECT CODE     LINE SOURCE TEXT
  VALUE

Warning[205]: Found directive in column 1. (processor)
                      00001 processor 16f877
Warning[205]: Found directive in column 1. (include)
                      00002 include<p16f877.inc>
                      00001         LIST
                      00002 
                      00003 ;==========================================================================
                      00004 ;  MPASM PIC16F877 processor include
                      00005 ; 
                      00006 ;  (c) Copyright 1999-2013 Microchip Technology, All rights reserved
                      00007 ;==========================================================================
                      00008 
Message[301]: MESSAGE: (Processor-header file mismatch.  Verify selected processor.)
                      00540         LIST
                      00003 ;VALORES Para la rutina de retardo
  00000021            00004 valor1 equ h'21'
  00000022            00005 valor2 equ h'22'
  00000023            00006 valor3 equ h'23'
  00000024            00007 CTE1    EQU 0X24
  00000025            00008 CTE2    EQU 0X25
  00000026            00009 CTE3    EQU     0X26
Warning[205]: Found directive in column 1. (org)
0000                  00010 org 0h
Warning[203]: Found opcode in column 1. (goto)
0000   2805           00011 goto INICIO
Warning[205]: Found directive in column 1. (org)
0005                  00012 org 05h
                      00013 ;VALORES PARA RETRASOS DE CADA ESTADO
  00000024            00014 contadorEdo1 equ 0x24
  00000025            00015 contadorEdo2 equ 0x25
                      00016 
0005                  00017 INICIO:
0005   0185           00018                                 CLRF    PORTA
0006   1683           00019                                 BSF     STATUS,RP0 ;Cambia la banco 1
0007   1303           00020                                 BCF     STATUS,RP1
0008   3000           00021                                 MOVLW   0X00
Message[302]: Register in operand not in bank 0.  Ensure that bank bits are correct.
0009   0086           00022                                 MOVWF   TRISB ;Configura puerto B como salida
000A   3006           00023                                 MOVLW   06h ;Configura puertos A y E como digitales
Message[302]: Register in operand not in bank 0.  Ensure that bank bits are correct.
000B   009F           00024                                 MOVWF   ADCON1
000C   303F           00025                                 MOVLW   3fh ;Configura el puerto A como entrada
Message[302]: Register in operand not in bank 0.  Ensure that bank bits are correct.
000D   0085           00026                                 MOVWF   TRISA
000E   1283           00027                                 BCF     STATUS,RP0 ;regresa al banco 0
                      00028                                 
                      00029 
000F                  00030 LOOP:                   
000F   0805           00031                                 MOVF    PORTA,W         ; W <- (PORTA)
0010   3907           00032                                 ANDLW   0x07            ; 
0011   0782           00033                                 ADDWF   PCL,F
0012   281A           00034                                 GOTO    CERO            ;PC + 0
0013   281D           00035                                 GOTO    UNO                     ;PC * 1
MPASM  5.51                            E2.ASM   5-13-2024  0:02:59         PAGE  2


LOC  OBJECT CODE     LINE SOURCE TEXT
  VALUE

0014   2830           00036                                 GOTO    DOS                     ;PC * 2
0015   2843           00037                                 GOTO    TRES            ;PC + 3
0016   2846           00038                                 GOTO    CUATRO          ;PC + 4
0017   281A           00039                                 GOTO    CERO            ;PC + 5
0018   281A           00040                                 GOTO    CERO            ;PC + 6
0019   281A           00041                                 GOTO    CERO            ;PC + 7
                      00042 
001A                  00043 CERO:
001A   3000           00044                                 MOVLW   0X00
001B   0086           00045                                 MOVWF   PORTB
001C   280F           00046                                 GOTO    LOOP
001D                  00047 UNO:
001D   3001           00048                                 MOVLW   0X01
001E   00A4           00049                                 MOVWF   contadorEdo1
001F                  00050 LOOP_ESTADO_1
001F   2049           00051                                 CALL    RETARDO
0020   3080           00052                                 MOVLW   b'10000000'
0021   0086           00053                                 MOVWF   PORTB
0022   2049           00054                                 CALL    RETARDO
0023   3040           00055                                 MOVLW   b'01000000'
0024   0086           00056                                 MOVWF   PORTB
0025   2049           00057                                 CALL    RETARDO
0026   3020           00058                                 MOVLW   b'00100000'
0027   0086           00059                                 MOVWF   PORTB
0028   2049           00060                                 CALL    RETARDO
0029   3010           00061                                 MOVLW   b'00010000'
002A   0086           00062                                 MOVWF   PORTB
002B   2049           00063                                 CALL    RETARDO
Message[305]: Using default destination of 1 (file).
002C   0BA4           00064                                 DECFSZ  contadorEdo1
002D   0186           00065                                 CLRF    PORTB
002E   281F           00066                                 GOTO    LOOP_ESTADO_1
002F   2858           00067                                 GOTO    FINAL
0030                  00068 DOS:
0030   3001           00069                                 MOVLW 0X01
0031   00A5           00070                                 MOVWF contadorEdo2
0032                  00071 LOOP_ESTADO_2
0032   2049           00072                                 CALL    RETARDO
0033   3090           00073                                 MOVLW   b'10010000'
0034   0086           00074                                 MOVWF   PORTB
0035   2049           00075                                 CALL    RETARDO
0036   3030           00076                                 MOVLW   b'00110000'
0037   0086           00077                                 MOVWF   PORTB
0038   2049           00078                                 CALL    RETARDO
0039   3060           00079                                 MOVLW   b'01100000'
003A   0086           00080                                 MOVWF   PORTB
003B   2049           00081                                 CALL    RETARDO
003C   30C0           00082                                 MOVLW   b'11000000'
003D   0086           00083                                 MOVWF   PORTB
003E   2049           00084                                 CALL    RETARDO
Message[305]: Using default destination of 1 (file).
003F   0BA5           00085                                 DECFSZ  contadorEdo2
0040   2832           00086                                 GOTO    LOOP_ESTADO_2
MPASM  5.51                            E2.ASM   5-13-2024  0:02:59         PAGE  3


LOC  OBJECT CODE     LINE SOURCE TEXT
  VALUE

0041   0186           00087                                 CLRF    PORTB
0042   2858           00088                                 GOTO    FINAL
0043                  00089 TRES:
0043   3005           00090                                 MOVLW 0X05;
0044   00A4           00091                                 MOVWF contadorEdo1
0045   281F           00092                                 GOTO LOOP_ESTADO_1
0046                  00093 CUATRO:
0046   300A           00094                                 MOVLW 0X0A
0047   00A5           00095                                 MOVWF contadorEdo2
0048   2832           00096                                 GOTO LOOP_ESTADO_2
                      00097 
                      00098 
                      00099 ;50ms -> cte3 = 250
                      00100 ;20 ms -> CT2 = 100
                      00101 ;2 ms ->        CT2 = 10
                      00102 ;1.5 ms  -> CTE2 = 7
                      00103 ;1 ms  -> CTE = 5
0049                  00104 RETARDO:                
0049   3002           00105                                 MOVLW   D'2'
004A   00A6           00106                                 MOVWF   CTE3
004B                  00107 BUCLE3:
004B   30FA           00108                                 MOVLW   D'250'
004C   00A5           00109                                 MOVWF   CTE2
004D   0000           00110 BUCLE2:                 NOP     
004E   30FA           00111                                 MOVLW   D'250'          ;1cy
004F   00A4           00112                                 MOVWF   CTE1            ;1cy
0050   0000           00113 BUCLE1:                 NOP                                     ;1cy
0051   0BA4           00114                                 DECFSZ  CTE1,F          ;1cy
0052   2850           00115                                 GOTO    BUCLE1          
0053   0BA5           00116                                 DECFSZ  CTE2,F
0054   284D           00117                                 GOTO    BUCLE2
0055   0BA6           00118                                 DECFSZ  CTE3,F
0056   284B           00119                                 GOTO    BUCLE3
0057   0008           00120                                 RETURN
                      00121 
0058                  00122 FINAL:                  
0058   0063           00123                                 SLEEP
                      00124                                 
                      00125 
Warning[205]: Found directive in column 1. (END)
                      00126 END
MPASM  5.51                            E2.ASM   5-13-2024  0:02:59         PAGE  4


SYMBOL TABLE
  LABEL                             VALUE 

ACKDT                             00000005
ACKEN                             00000004
ACKSTAT                           00000006
ADCON0                            0000001F
ADCON1                            0000009F
ADCS0                             00000006
ADCS1                             00000007
ADDEN                             00000003
ADFM                              00000007
ADIE                              00000006
ADIF                              00000006
ADON                              00000000
ADRESH                            0000001E
ADRESL                            0000009E
BCLIE                             00000003
BCLIF                             00000003
BF                                00000000
BRGH                              00000002
BUCLE1                            00000050
BUCLE2                            0000004D
BUCLE3                            0000004B
C                                 00000000
CCP1CON                           00000017
CCP1IE                            00000002
CCP1IF                            00000002
CCP1M0                            00000000
CCP1M1                            00000001
CCP1M2                            00000002
CCP1M3                            00000003
CCP1X                             00000005
CCP1Y                             00000004
CCP2CON                           0000001D
CCP2IE                            00000000
CCP2IF                            00000000
CCP2M0                            00000000
CCP2M1                            00000001
CCP2M2                            00000002
CCP2M3                            00000003
CCP2X                             00000005
CCP2Y                             00000004
CCPR1                             00000015
CCPR1H                            00000016
CCPR1L                            00000015
CCPR2                             0000001B
CCPR2H                            0000001C
CCPR2L                            0000001B
CERO                              0000001A
CHS0                              00000003
CHS1                              00000004
CHS2                              00000005
CKE                               00000006
CKP                               00000004
CREN                              00000004
MPASM  5.51                            E2.ASM   5-13-2024  0:02:59         PAGE  5


SYMBOL TABLE
  LABEL                             VALUE 

CSRC                              00000007
CTE1                              00000024
CTE2                              00000025
CTE3                              00000026
CUATRO                            00000046
D                                 00000005
DATA_ADDRESS                      00000005
DC                                00000001
DOS                               00000030
D_A                               00000005
D_NOT_A                           00000005
EEADR                             0000010D
EEADRH                            0000010F
EECON1                            0000018C
EECON2                            0000018D
EEDATA                            0000010C
EEDATH                            0000010E
EEIE                              00000004
EEIF                              00000004
EEPGD                             00000007
F                                 00000001
FERR                              00000002
FINAL                             00000058
FSR                               00000004
GCEN                              00000007
GIE                               00000007
GO                                00000002
GO_DONE                           00000002
GO_NOT_DONE                       00000002
I2C_DATA                          00000005
I2C_READ                          00000002
I2C_START                         00000003
I2C_STOP                          00000004
IBF                               00000007
IBOV                              00000005
INDF                              00000000
INICIO                            00000005
INTCON                            0000000B
INTE                              00000004
INTEDG                            00000006
INTF                              00000001
IRP                               00000007
LOOP                              0000000F
LOOP_ESTADO_1                     0000001F
LOOP_ESTADO_2                     00000032
NOT_A                             00000005
NOT_ADDRESS                       00000005
NOT_BO                            00000000
NOT_BOR                           00000000
NOT_DONE                          00000002
NOT_PD                            00000003
NOT_POR                           00000001
NOT_RBPU                          00000007
MPASM  5.51                            E2.ASM   5-13-2024  0:02:59         PAGE  6


SYMBOL TABLE
  LABEL                             VALUE 

NOT_RC8                           00000006
NOT_T1SYNC                        00000002
NOT_TO                            00000004
NOT_TX8                           00000006
NOT_W                             00000002
NOT_WRITE                         00000002
OBF                               00000006
OERR                              00000001
OPTION_REG                        00000081
P                                 00000004
PCFG0                             00000000
PCFG1                             00000001
PCFG2                             00000002
PCFG3                             00000003
PCL                               00000002
PCLATH                            0000000A
PCON                              0000008E
PEIE                              00000006
PEN                               00000002
PIE1                              0000008C
PIE2                              0000008D
PIR1                              0000000C
PIR2                              0000000D
PORTA                             00000005
PORTB                             00000006
PORTC                             00000007
PORTD                             00000008
PORTE                             00000009
PR2                               00000092
PS0                               00000000
PS1                               00000001
PS2                               00000002
PSA                               00000003
PSPIE                             00000007
PSPIF                             00000007
PSPMODE                           00000004
R                                 00000002
RA0                               00000000
RA1                               00000001
RA2                               00000002
RA3                               00000003
RA4                               00000004
RA5                               00000005
RB0                               00000000
RB1                               00000001
RB2                               00000002
RB3                               00000003
RB4                               00000004
RB5                               00000005
RB6                               00000006
RB7                               00000007
RBIE                              00000003
RBIF                              00000000
MPASM  5.51                            E2.ASM   5-13-2024  0:02:59         PAGE  7


SYMBOL TABLE
  LABEL                             VALUE 

RC0                               00000000
RC1                               00000001
RC2                               00000002
RC3                               00000003
RC4                               00000004
RC5                               00000005
RC6                               00000006
RC7                               00000007
RC8_9                             00000006
RC9                               00000006
RCD8                              00000000
RCEN                              00000003
RCIE                              00000005
RCIF                              00000005
RCREG                             0000001A
RCSTA                             00000018
RD                                00000000
RD0                               00000000
RD1                               00000001
RD2                               00000002
RD3                               00000003
RD4                               00000004
RD5                               00000005
RD6                               00000006
RD7                               00000007
RE0                               00000000
RE1                               00000001
RE2                               00000002
READ_WRITE                        00000002
RETARDO                           00000049
RP0                               00000005
RP1                               00000006
RSEN                              00000001
RX9                               00000006
RX9D                              00000000
R_NOT_W                           00000002
R_W                               00000002
S                                 00000003
SEN                               00000000
SMP                               00000007
SPBRG                             00000099
SPEN                              00000007
SREN                              00000005
SSPADD                            00000093
SSPBUF                            00000013
SSPCON                            00000014
SSPCON2                           00000091
SSPEN                             00000005
SSPIE                             00000003
SSPIF                             00000003
SSPM0                             00000000
SSPM1                             00000001
SSPM2                             00000002
MPASM  5.51                            E2.ASM   5-13-2024  0:02:59         PAGE  8


SYMBOL TABLE
  LABEL                             VALUE 

SSPM3                             00000003
SSPOV                             00000006
SSPSTAT                           00000094
STATUS                            00000003
SYNC                              00000004
T0CS                              00000005
T0IE                              00000005
T0IF                              00000002
T0SE                              00000004
T1CKPS0                           00000004
T1CKPS1                           00000005
T1CON                             00000010
T1INSYNC                          00000002
T1OSCEN                           00000003
T1SYNC                            00000002
T2CKPS0                           00000000
T2CKPS1                           00000001
T2CON                             00000012
TMR0                              00000001
TMR0IE                            00000005
TMR0IF                            00000002
TMR1                              0000000E
TMR1CS                            00000001
TMR1H                             0000000F
TMR1IE                            00000000
TMR1IF                            00000000
TMR1L                             0000000E
TMR1ON                            00000000
TMR2                              00000011
TMR2IE                            00000001
TMR2IF                            00000001
TMR2ON                            00000002
TOUTPS0                           00000003
TOUTPS1                           00000004
TOUTPS2                           00000005
TOUTPS3                           00000006
TRES                              00000043
TRISA                             00000085
TRISA0                            00000000
TRISA1                            00000001
TRISA2                            00000002
TRISA3                            00000003
TRISA4                            00000004
TRISA5                            00000005
TRISB                             00000086
TRISB0                            00000000
TRISB1                            00000001
TRISB2                            00000002
TRISB3                            00000003
TRISB4                            00000004
TRISB5                            00000005
TRISB6                            00000006
TRISB7                            00000007
MPASM  5.51                            E2.ASM   5-13-2024  0:02:59         PAGE  9


SYMBOL TABLE
  LABEL                             VALUE 

TRISC                             00000087
TRISC0                            00000000
TRISC1                            00000001
TRISC2                            00000002
TRISC3                            00000003
TRISC4                            00000004
TRISC5                            00000005
TRISC6                            00000006
TRISC7                            00000007
TRISD                             00000088
TRISD0                            00000000
TRISD1                            00000001
TRISD2                            00000002
TRISD3                            00000003
TRISD4                            00000004
TRISD5                            00000005
TRISD6                            00000006
TRISD7                            00000007
TRISE                             00000089
TRISE0                            00000000
TRISE1                            00000001
TRISE2                            00000002
TRMT                              00000001
TX8_9                             00000006
TX9                               00000006
TX9D                              00000000
TXD8                              00000000
TXEN                              00000005
TXIE                              00000004
TXIF                              00000004
TXREG                             00000019
TXSTA                             00000098
UA                                00000001
UNO                               0000001D
W                                 00000000
WCOL                              00000007
WR                                00000001
WREN                              00000002
WRERR                             00000003
Z                                 00000002
_BODEN_OFF                        00003FBF
_BODEN_ON                         00003FFF
_BOREN_OFF                        00003FBF
_BOREN_ON                         00003FFF
_CONFIG                           00002007
_CPD_OFF                          00003FFF
_CPD_ON                           00003EFF
_CP_ALL                           00000FCF
_CP_HALF                          00001FDF
_CP_OFF                           00003FFF
_CP_UPPER_256                     00002FEF
_DEBUG_OFF                        00003FFF
_DEBUG_ON                         000037FF
MPASM  5.51                            E2.ASM   5-13-2024  0:02:59         PAGE 10


SYMBOL TABLE
  LABEL                             VALUE 

_DEVID1                           00002006
_FOSC_EXTRC                       00003FFF
_FOSC_HS                          00003FFE
_FOSC_LP                          00003FFC
_FOSC_XT                          00003FFD
_HS_OSC                           00003FFE
_IDLOC0                           00002000
_IDLOC1                           00002001
_IDLOC2                           00002002
_IDLOC3                           00002003
_LP_OSC                           00003FFC
_LVP_OFF                          00003F7F
_LVP_ON                           00003FFF
_PWRTE_OFF                        00003FFF
_PWRTE_ON                         00003FF7
_RC_OSC                           00003FFF
_WDTE_OFF                         00003FFB
_WDTE_ON                          00003FFF
_WDT_OFF                          00003FFB
_WDT_ON                           00003FFF
_WRT_ENABLE_OFF                   00003DFF
_WRT_ENABLE_ON                    00003FFF
_WRT_OFF                          00003DFF
_WRT_ON                           00003FFF
_XT_OSC                           00003FFD
__16F877A                         00000001
contadorEdo1                      00000024
contadorEdo2                      00000025
valor1                            00000021
valor2                            00000022
valor3                            00000023


MEMORY USAGE MAP ('X' = Used,  '-' = Unused)

0000 : X----XXXXXXXXXXX XXXXXXXXXXXXXXXX XXXXXXXXXXXXXXXX XXXXXXXXXXXXXXXX
0040 : XXXXXXXXXXXXXXXX XXXXXXXXX------- ---------------- ----------------

All other memory blocks unused.

Program Memory Words Used:    85
Program Memory Words Free:  8107


Errors   :     0
Warnings :     6 reported,     0 suppressed
Messages :     6 reported,     0 suppressed

