
ROM used:   3108/8192 (38%)
            3267/8192 (40%) including unused fragments

            2.6 Average locations per line
            14.3 Average locations per statement

RAM used:   36/368 (10%) at main() level
            73/368 (20%) worst case

Stack used: 7 worst case (7 in main + 0 for interrupts)
Stack size: 8

Lines Stmts  %   Files
----- ----- ---  -----
  175   102  47  main.c
  671     0   0  ..\..\..\..\..\..\..\Program Files (x86)\PICC\Devices\16f877a.h
  263    72  33  ..\..\..\..\..\..\..\Program Files (x86)\PICC\Drivers\LCD_16X2.c
   74    44  20  ..\..\..\..\..\..\..\Program Files (x86)\PICC\Drivers\dht11_std.c
----- -----
 1183   218 Total

Page ROM  %  RAM   Vol Diff  Functions:
---- --- --- ---   --- ----  ----------
0     20   1    1             @delay_ms1
0      8   0    0             @const624
0     46   1    1   326  2.8  lcd_send_nibble
0     39   1    3   235  3.8  lcd_send_byte
0     47   2    2   380  4.7  lcd_init
0     18   1    4   186  5.5  lcd_gotoxy
0     36   1    1   272  4.1  lcd_putc
0      8   0    0    17  0.8  lcd_clear
0      1   0    0             @const644
0     86   3    4             @PSTRINGC7_638
0     88   3    3   593  3.9  send_D7_D4
0     18   1    3    98  2.8  send_byte_data
 Inline         1    35  1.4  CGRAM_putc
0     16   1    2    55  2.3  CGRAM_position
0     23   1    3   124  4.3  CGRAM_create_char
0     45   1    6   147  5.8  DHT11_Join_Data
0     21   1    5   516  7.1  @MUL1616
 Inline        14  1631  9.6  dht11_read_data
0     29   1    2  1747  7.8  @ITOF
0    202   6   14             @DIVFF
0    160   5    0   449  4.0  tempControl
0    117   4   13   925  4.8  @MULFF
0     31   1    5   925  4.8  @FTOSD
0     79   3   13             @DIV3232
0    201   6   13             @PRINTF_L32D_9600_62_63FPFPF
0      7   0    0             @const701
0     87   3    5             @PSTRINGCN7_638
0    195   6   13    74  1.6  @PRINTF_L32D_638FPFPF
0     63   2   10             @FLT
0     12   0    0             @const710
0     88   3    4   446  4.9  @PSTRINGC7_9600_62_63
0     10   0    0             @const712
1    640  21    4   446  4.9  lightControl
 Inline        16             @ADDFF
 Inline         4             @SFTOI
0      7   0    0   925  4.8  @const719
0     21   1    3    74  1.6  @DIV88
 Inline         2             @PRINTF_U_638
0     10   0    0             @const726
0      9   0    0  1796  7.9  @const727
1    370  12    1   364  4.1  rhControl
0      8   0    0             @const729
0      9   0    0             @const730
0      7   0    0             @const731
1    209   7    0  1718  5.1  MAIN
0      5   0    0             @const736
0      8   0    0             @const737
 Inline         0   925  4.8  @cinit1

Program metrics:
    Functions               27
    Statements              218
    Comments                186
    Volume (V)              26266
    Difficulty (D)          120.6
    Effort to implement (E) 3167358
    Time to implement (T)   48 hours, 53 minutes
    Est Delivered Bugs (B)  7
    Cyclomatic Complexity   70
    Maintainability (MI)    61

 Segment     Used  Free
-----------  ----  ----
00000-00003     4  0  
00004-007FF  1885  159  
00800-00FFF  1219  829  
01000-017FF     0  2048  
01800-01FFF     0  2048  



